# JRE version: Java(TM) SE Runtime Environment (8.0_121-b13) (build 1.8.0_121-b13)
# Java VM: Java HotSpot(TM) 64-Bit Server VM (25.121-b13 mixed mode windows-amd64 compressed oops)
Heap:
 PSYoungGen      total 353280K, used 87342K [0x0000000780780000, 0x0000000799680000, 0x00000007c0000000)
  eden space 318464K, 27% used [0x0000000780780000,0x0000000785ccbb20,0x0000000793e80000)
  from space 34816K, 0% used [0x0000000797480000,0x0000000797480000,0x0000000799680000)
  to   space 45056K, 0% used [0x0000000793e80000,0x0000000793e80000,0x0000000796a80000)
 ParOldGen       total 153088K, used 35615K [0x0000000701600000, 0x000000070ab80000, 0x0000000780780000)
  object space 153088K, 23% used [0x0000000701600000,0x00000007038c7e00,0x000000070ab80000)
 Metaspace       used 38283K, capacity 39044K, committed 39168K, reserved 1083392K
  class space    used 4606K, capacity 4846K, committed 4864K, reserved 1048576K
GC Heap History (10 events):
Event: 7.216 GC heap before
{Heap before GC invocations=10 (full 1):
 PSYoungGen      total 206848K, used 206847K [0x0000000780780000, 0x0000000795980000, 0x00000007c0000000)
  eden space 183808K, 100% used [0x0000000780780000,0x000000078bb00000,0x000000078bb00000)
  from space 23040K, 99% used [0x000000078da80000,0x000000078f0ffd20,0x000000078f100000)
  to   space 32256K, 0% used [0x000000078bb00000,0x000000078bb00000,0x000000078da80000)
 ParOldGen       total 98816K, used 37735K [0x0000000701600000, 0x0000000707680000, 0x0000000780780000)
  object space 98816K, 38% used [0x0000000701600000,0x0000000703ad9f88,0x0000000707680000)
 Metaspace       used 23813K, capacity 24364K, committed 24576K, reserved 1071104K
  class space    used 2781K, capacity 2965K, committed 3072K, reserved 1048576K
Event: 7.255 GC heap after
Heap after GC invocations=10 (full 1):
 PSYoungGen      total 216064K, used 32251K [0x0000000780780000, 0x0000000794200000, 0x00000007c0000000)
  eden space 183808K, 0% used [0x0000000780780000,0x0000000780780000,0x000000078bb00000)
  from space 32256K, 99% used [0x000000078bb00000,0x000000078da7ee88,0x000000078da80000)
  to   space 39424K, 0% used [0x0000000791b80000,0x0000000791b80000,0x0000000794200000)
 ParOldGen       total 98816K, used 43825K [0x0000000701600000, 0x0000000707680000, 0x0000000780780000)
  object space 98816K, 44% used [0x0000000701600000,0x00000007040cc5e0,0x0000000707680000)
 Metaspace       used 23813K, capacity 24364K, committed 24576K, reserved 1071104K
  class space    used 2781K, capacity 2965K, committed 3072K, reserved 1048576K
}
Event: 7.745 GC heap before
{Heap before GC invocations=11 (full 1):
 PSYoungGen      total 216064K, used 216059K [0x0000000780780000, 0x0000000794200000, 0x00000007c0000000)
  eden space 183808K, 100% used [0x0000000780780000,0x000000078bb00000,0x000000078bb00000)
  from space 32256K, 99% used [0x000000078bb00000,0x000000078da7ee88,0x000000078da80000)
  to   space 39424K, 0% used [0x0000000791b80000,0x0000000791b80000,0x0000000794200000)
 ParOldGen       total 98816K, used 43825K [0x0000000701600000, 0x0000000707680000, 0x0000000780780000)
  object space 98816K, 44% used [0x0000000701600000,0x00000007040cc5e0,0x0000000707680000)
 Metaspace       used 23813K, capacity 24364K, committed 24576K, reserved 1071104K
  class space    used 2781K, capacity 2965K, committed 3072K, reserved 1048576K
Event: 7.786 GC heap after
Heap after GC invocations=11 (full 1):
 PSYoungGen      total 279552K, used 32543K [0x0000000780780000, 0x0000000794e00000, 0x00000007c0000000)
  eden space 240128K, 0% used [0x0000000780780000,0x0000000780780000,0x000000078f200000)
  from space 39424K, 82% used [0x0000000791b80000,0x0000000793b47d00,0x0000000794200000)
  to   space 42496K, 0% used [0x000000078f200000,0x000000078f200000,0x0000000791b80000)
 ParOldGen       total 98816K, used 50158K [0x0000000701600000, 0x0000000707680000, 0x0000000780780000)
  object space 98816K, 50% used [0x0000000701600000,0x00000007046fb8d0,0x0000000707680000)
 Metaspace       used 23813K, capacity 24364K, committed 24576K, reserved 1071104K
  class space    used 2781K, capacity 2965K, committed 3072K, reserved 1048576K
}
Event: 8.415 GC heap before
{Heap before GC invocations=12 (full 1):
 PSYoungGen      total 279552K, used 272671K [0x0000000780780000, 0x0000000794e00000, 0x00000007c0000000)
  eden space 240128K, 100% used [0x0000000780780000,0x000000078f200000,0x000000078f200000)
  from space 39424K, 82% used [0x0000000791b80000,0x0000000793b47d00,0x0000000794200000)
  to   space 42496K, 0% used [0x000000078f200000,0x000000078f200000,0x0000000791b80000)
 ParOldGen       total 98816K, used 50158K [0x0000000701600000, 0x0000000707680000, 0x0000000780780000)
  object space 98816K, 50% used [0x0000000701600000,0x00000007046fb8d0,0x0000000707680000)
 Metaspace       used 23869K, capacity 24498K, committed 24832K, reserved 1071104K
  class space    used 2787K, capacity 2967K, committed 3072K, reserved 1048576K
Event: 8.455 GC heap after
Heap after GC invocations=12 (full 1):
 PSYoungGen      total 282624K, used 34673K [0x0000000780780000, 0x000000079a180000, 0x00000007c0000000)
  eden space 240128K, 0% used [0x0000000780780000,0x0000000780780000,0x000000078f200000)
  from space 42496K, 81% used [0x000000078f200000,0x00000007913dc408,0x0000000791b80000)
  to   space 46080K, 0% used [0x0000000797480000,0x0000000797480000,0x000000079a180000)
 ParOldGen       total 98816K, used 54143K [0x0000000701600000, 0x0000000707680000, 0x0000000780780000)
  object space 98816K, 54% used [0x0000000701600000,0x0000000704adff08,0x0000000707680000)
 Metaspace       used 23869K, capacity 24498K, committed 24832K, reserved 1071104K
  class space    used 2787K, capacity 2967K, committed 3072K, reserved 1048576K
}
Event: 19.247 GC heap before
{Heap before GC invocations=13 (full 1):
 PSYoungGen      total 282624K, used 182352K [0x0000000780780000, 0x000000079a180000, 0x00000007c0000000)
  eden space 240128K, 61% used [0x0000000780780000,0x00000007897b7d68,0x000000078f200000)
  from space 42496K, 81% used [0x000000078f200000,0x00000007913dc408,0x0000000791b80000)
  to   space 46080K, 0% used [0x0000000797480000,0x0000000797480000,0x000000079a180000)
 ParOldGen       total 98816K, used 54143K [0x0000000701600000, 0x0000000707680000, 0x0000000780780000)
  object space 98816K, 54% used [0x0000000701600000,0x0000000704adff08,0x0000000707680000)
 Metaspace       used 34716K, capacity 35360K, committed 35496K, reserved 1081344K
  class space    used 4145K, capacity 4328K, committed 4352K, reserved 1048576K
Event: 19.297 GC heap after
Heap after GC invocations=13 (full 1):
 PSYoungGen      total 353280K, used 11042K [0x0000000780780000, 0x0000000799680000, 0x00000007c0000000)
  eden space 318464K, 0% used [0x0000000780780000,0x0000000780780000,0x0000000793e80000)
  from space 34816K, 31% used [0x0000000797480000,0x0000000797f489b0,0x0000000799680000)
  to   space 45056K, 0% used [0x0000000793e80000,0x0000000793e80000,0x0000000796a80000)
 ParOldGen       total 98816K, used 59746K [0x0000000701600000, 0x0000000707680000, 0x0000000780780000)
  object space 98816K, 60% used [0x0000000701600000,0x00000007050588c8,0x0000000707680000)
 Metaspace       used 34716K, capacity 35360K, committed 35496K, reserved 1081344K
  class space    used 4145K, capacity 4328K, committed 4352K, reserved 1048576K
}
Event: 19.297 GC heap before
{Heap before GC invocations=14 (full 2):
 PSYoungGen      total 353280K, used 11042K [0x0000000780780000, 0x0000000799680000, 0x00000007c0000000)
  eden space 318464K, 0% used [0x0000000780780000,0x0000000780780000,0x0000000793e80000)
  from space 34816K, 31% used [0x0000000797480000,0x0000000797f489b0,0x0000000799680000)
  to   space 45056K, 0% used [0x0000000793e80000,0x0000000793e80000,0x0000000796a80000)
 ParOldGen       total 98816K, used 59746K [0x0000000701600000, 0x0000000707680000, 0x0000000780780000)
  object space 98816K, 60% used [0x0000000701600000,0x00000007050588c8,0x0000000707680000)
 Metaspace       used 34716K, capacity 35360K, committed 35496K, reserved 1081344K
  class space    used 4145K, capacity 4328K, committed 4352K, reserved 1048576K
Event: 19.428 GC heap after
Heap after GC invocations=14 (full 2):
 PSYoungGen      total 353280K, used 0K [0x0000000780780000, 0x0000000799680000, 0x00000007c0000000)
  eden space 318464K, 0% used [0x0000000780780000,0x0000000780780000,0x0000000793e80000)
  from space 34816K, 0% used [0x0000000797480000,0x0000000797480000,0x0000000799680000)
  to   space 45056K, 0% used [0x0000000793e80000,0x0000000793e80000,0x0000000796a80000)
 ParOldGen       total 153088K, used 35615K [0x0000000701600000, 0x000000070ab80000, 0x0000000780780000)
  object space 153088K, 23% used [0x0000000701600000,0x00000007038c7e00,0x000000070ab80000)
 Metaspace       used 34716K, capacity 35360K, committed 35496K, reserved 1081344K
  class space    used 4145K, capacity 4328K, committed 4352K, reserved 1048576K
}

