# JRE version: Java(TM) SE Runtime Environment (8.0_121-b13) (build 1.8.0_121-b13)
# Java VM: Java HotSpot(TM) 64-Bit Server VM (25.121-b13 mixed mode windows-amd64 compressed oops)
Heap:
 PSYoungGen      total 452608K, used 145284K [0x0000000780780000, 0x00000007a0800000, 0x00000007c0000000)
  eden space 429568K, 28% used [0x0000000780780000,0x0000000787effa20,0x000000079ab00000)
  from space 23040K, 99% used [0x000000079f180000,0x00000007a07e16b0,0x00000007a0800000)
  to   space 43520K, 0% used [0x000000079b300000,0x000000079b300000,0x000000079dd80000)
 ParOldGen       total 148992K, used 56432K [0x0000000701600000, 0x000000070a780000, 0x0000000780780000)
  object space 148992K, 37% used [0x0000000701600000,0x0000000704d1c3c8,0x000000070a780000)
 Metaspace       used 50139K, capacity 51128K, committed 51328K, reserved 1093632K
  class space    used 5936K, capacity 6213K, committed 6272K, reserved 1048576K
GC Heap History (10 events):
Event: 13.604 GC heap before
{Heap before GC invocations=12 (full 1):
 PSYoungGen      total 222208K, used 219090K [0x0000000780780000, 0x0000000790400000, 0x00000007c0000000)
  eden space 194560K, 100% used [0x0000000780780000,0x000000078c580000,0x000000078c580000)
  from space 27648K, 88% used [0x000000078e300000,0x000000078faf4bc0,0x000000078fe00000)
  to   space 30208K, 0% used [0x000000078c580000,0x000000078c580000,0x000000078e300000)
 ParOldGen       total 84992K, used 30251K [0x0000000701600000, 0x0000000706900000, 0x0000000780780000)
  object space 84992K, 35% used [0x0000000701600000,0x000000070338aec0,0x0000000706900000)
 Metaspace       used 27808K, capacity 28478K, committed 28672K, reserved 1075200K
  class space    used 3280K, capacity 3499K, committed 3584K, reserved 1048576K
Event: 13.645 GC heap after
Heap after GC invocations=12 (full 1):
 PSYoungGen      total 224768K, used 30177K [0x0000000780780000, 0x0000000797480000, 0x00000007c0000000)
  eden space 194560K, 0% used [0x0000000780780000,0x0000000780780000,0x000000078c580000)
  from space 30208K, 99% used [0x000000078c580000,0x000000078e2f8508,0x000000078e300000)
  to   space 36864K, 0% used [0x0000000795080000,0x0000000795080000,0x0000000797480000)
 ParOldGen       total 84992K, used 35719K [0x0000000701600000, 0x0000000706900000, 0x0000000780780000)
  object space 84992K, 42% used [0x0000000701600000,0x00000007038e1ce8,0x0000000706900000)
 Metaspace       used 27808K, capacity 28478K, committed 28672K, reserved 1075200K
  class space    used 3280K, capacity 3499K, committed 3584K, reserved 1048576K
}
Event: 14.313 GC heap before
{Heap before GC invocations=13 (full 1):
 PSYoungGen      total 224768K, used 224737K [0x0000000780780000, 0x0000000797480000, 0x00000007c0000000)
  eden space 194560K, 100% used [0x0000000780780000,0x000000078c580000,0x000000078c580000)
  from space 30208K, 99% used [0x000000078c580000,0x000000078e2f8508,0x000000078e300000)
  to   space 36864K, 0% used [0x0000000795080000,0x0000000795080000,0x0000000797480000)
 ParOldGen       total 84992K, used 35719K [0x0000000701600000, 0x0000000706900000, 0x0000000780780000)
  object space 84992K, 42% used [0x0000000701600000,0x00000007038e1ce8,0x0000000706900000)
 Metaspace       used 27818K, capacity 28546K, committed 28672K, reserved 1075200K
  class space    used 3281K, capacity 3499K, committed 3584K, reserved 1048576K
Event: 14.372 GC heap after
Heap after GC invocations=13 (full 1):
 PSYoungGen      total 333824K, used 30516K [0x0000000780780000, 0x0000000797b80000, 0x00000007c0000000)
  eden space 296960K, 0% used [0x0000000780780000,0x0000000780780000,0x0000000792980000)
  from space 36864K, 82% used [0x0000000795080000,0x0000000796e4d270,0x0000000797480000)
  to   space 39936K, 0% used [0x0000000792980000,0x0000000792980000,0x0000000795080000)
 ParOldGen       total 84992K, used 39576K [0x0000000701600000, 0x0000000706900000, 0x0000000780780000)
  object space 84992K, 46% used [0x0000000701600000,0x0000000703ca6170,0x0000000706900000)
 Metaspace       used 27818K, capacity 28546K, committed 28672K, reserved 1075200K
  class space    used 3281K, capacity 3499K, committed 3584K, reserved 1048576K
}
Event: 15.873 GC heap before
{Heap before GC invocations=14 (full 1):
 PSYoungGen      total 333824K, used 311869K [0x0000000780780000, 0x0000000797b80000, 0x00000007c0000000)
  eden space 296960K, 94% used [0x0000000780780000,0x0000000791a422a8,0x0000000792980000)
  from space 36864K, 82% used [0x0000000795080000,0x0000000796e4d270,0x0000000797480000)
  to   space 39936K, 0% used [0x0000000792980000,0x0000000792980000,0x0000000795080000)
 ParOldGen       total 84992K, used 39576K [0x0000000701600000, 0x0000000706900000, 0x0000000780780000)
  object space 84992K, 46% used [0x0000000701600000,0x0000000703ca6170,0x0000000706900000)
 Metaspace       used 34480K, capacity 35230K, committed 35496K, reserved 1081344K
  class space    used 4119K, capacity 4341K, committed 4352K, reserved 1048576K
Event: 15.922 GC heap after
Heap after GC invocations=14 (full 1):
 PSYoungGen      total 336896K, used 36562K [0x0000000780780000, 0x00000007a1d00000, 0x00000007c0000000)
  eden space 296960K, 0% used [0x0000000780780000,0x0000000780780000,0x0000000792980000)
  from space 39936K, 91% used [0x0000000792980000,0x0000000794d34ae8,0x0000000795080000)
  to   space 44544K, 0% used [0x000000079f180000,0x000000079f180000,0x00000007a1d00000)
 ParOldGen       total 84992K, used 41571K [0x0000000701600000, 0x0000000706900000, 0x0000000780780000)
  object space 84992K, 48% used [0x0000000701600000,0x0000000703e98c98,0x0000000706900000)
 Metaspace       used 34480K, capacity 35230K, committed 35496K, reserved 1081344K
  class space    used 4119K, capacity 4341K, committed 4352K, reserved 1048576K
}
Event: 15.922 GC heap before
{Heap before GC invocations=15 (full 2):
 PSYoungGen      total 336896K, used 36562K [0x0000000780780000, 0x00000007a1d00000, 0x00000007c0000000)
  eden space 296960K, 0% used [0x0000000780780000,0x0000000780780000,0x0000000792980000)
  from space 39936K, 91% used [0x0000000792980000,0x0000000794d34ae8,0x0000000795080000)
  to   space 44544K, 0% used [0x000000079f180000,0x000000079f180000,0x00000007a1d00000)
 ParOldGen       total 84992K, used 41571K [0x0000000701600000, 0x0000000706900000, 0x0000000780780000)
  object space 84992K, 48% used [0x0000000701600000,0x0000000703e98c98,0x0000000706900000)
 Metaspace       used 34480K, capacity 35230K, committed 35496K, reserved 1081344K
  class space    used 4119K, capacity 4341K, committed 4352K, reserved 1048576K
Event: 16.068 GC heap after
Heap after GC invocations=15 (full 2):
 PSYoungGen      total 336896K, used 0K [0x0000000780780000, 0x00000007a1d00000, 0x00000007c0000000)
  eden space 296960K, 0% used [0x0000000780780000,0x0000000780780000,0x0000000792980000)
  from space 39936K, 0% used [0x0000000792980000,0x0000000792980000,0x0000000795080000)
  to   space 44544K, 0% used [0x000000079f180000,0x000000079f180000,0x00000007a1d00000)
 ParOldGen       total 148992K, used 56424K [0x0000000701600000, 0x000000070a780000, 0x0000000780780000)
  object space 148992K, 37% used [0x0000000701600000,0x0000000704d1a3c8,0x000000070a780000)
 Metaspace       used 34480K, capacity 35230K, committed 35496K, reserved 1081344K
  class space    used 4119K, capacity 4341K, committed 4352K, reserved 1048576K
}
Event: 252.299 GC heap before
{Heap before GC invocations=16 (full 2):
 PSYoungGen      total 336896K, used 296960K [0x0000000780780000, 0x00000007a1d00000, 0x00000007c0000000)
  eden space 296960K, 100% used [0x0000000780780000,0x0000000792980000,0x0000000792980000)
  from space 39936K, 0% used [0x0000000792980000,0x0000000792980000,0x0000000795080000)
  to   space 44544K, 0% used [0x000000079f180000,0x000000079f180000,0x00000007a1d00000)
 ParOldGen       total 148992K, used 56424K [0x0000000701600000, 0x000000070a780000, 0x0000000780780000)
  object space 148992K, 37% used [0x0000000701600000,0x0000000704d1a3c8,0x000000070a780000)
 Metaspace       used 47888K, capacity 48696K, committed 49024K, reserved 1091584K
  class space    used 5722K, capacity 5948K, committed 6016K, reserved 1048576K
Event: 252.364 GC heap after
Heap after GC invocations=16 (full 2):
 PSYoungGen      total 452608K, used 22917K [0x0000000780780000, 0x00000007a0800000, 0x00000007c0000000)
  eden space 429568K, 0% used [0x0000000780780000,0x0000000780780000,0x000000079ab00000)
  from space 23040K, 99% used [0x000000079f180000,0x00000007a07e16b0,0x00000007a0800000)
  to   space 43520K, 0% used [0x000000079b300000,0x000000079b300000,0x000000079dd80000)
 ParOldGen       total 148992K, used 56432K [0x0000000701600000, 0x000000070a780000, 0x0000000780780000)
  object space 148992K, 37% used [0x0000000701600000,0x0000000704d1c3c8,0x000000070a780000)
 Metaspace       used 47888K, capacity 48696K, committed 49024K, reserved 1091584K
  class space    used 5722K, capacity 5948K, committed 6016K, reserved 1048576K
}

