# JRE version: Java(TM) SE Runtime Environment (8.0_121-b13) (build 1.8.0_121-b13)
# Java VM: Java HotSpot(TM) 64-Bit Server VM (25.121-b13 mixed mode windows-amd64 compressed oops)
Heap:
 PSYoungGen      total 470528K, used 44686K [0x0000000780780000, 0x00000007aa680000, 0x00000007c0000000)
  eden space 419840K, 5% used [0x0000000780780000,0x0000000781de10a8,0x000000079a180000)
  from space 50688K, 42% used [0x000000079a180000,0x000000079b6c29d0,0x000000079d300000)
  to   space 48128K, 0% used [0x00000007a7780000,0x00000007a7780000,0x00000007aa680000)
 ParOldGen       total 140800K, used 30306K [0x0000000701600000, 0x0000000709f80000, 0x0000000780780000)
  object space 140800K, 21% used [0x0000000701600000,0x0000000703398880,0x0000000709f80000)
 Metaspace       used 49352K, capacity 50664K, committed 50944K, reserved 1093632K
  class space    used 5761K, capacity 6066K, committed 6144K, reserved 1048576K
GC Heap History (10 events):
Event: 8.996 GC heap before
{Heap before GC invocations=11 (full 1):
 PSYoungGen      total 233984K, used 233957K [0x0000000780780000, 0x0000000797900000, 0x00000007c0000000)
  eden space 201728K, 100% used [0x0000000780780000,0x000000078cc80000,0x000000078cc80000)
  from space 32256K, 99% used [0x000000078cc80000,0x000000078ebf9500,0x000000078ec00000)
  to   space 42496K, 0% used [0x0000000794f80000,0x0000000794f80000,0x0000000797900000)
 ParOldGen       total 94208K, used 51060K [0x0000000701600000, 0x0000000707200000, 0x0000000780780000)
  object space 94208K, 54% used [0x0000000701600000,0x00000007047dd0d8,0x0000000707200000)
 Metaspace       used 27862K, capacity 28540K, committed 28928K, reserved 1075200K
  class space    used 3278K, capacity 3498K, committed 3584K, reserved 1048576K
Event: 9.032 GC heap after
Heap after GC invocations=11 (full 1):
 PSYoungGen      total 332288K, used 35458K [0x0000000780780000, 0x0000000798100000, 0x00000007c0000000)
  eden space 289792K, 0% used [0x0000000780780000,0x0000000780780000,0x0000000792280000)
  from space 42496K, 83% used [0x0000000794f80000,0x0000000797220b28,0x0000000797900000)
  to   space 46080K, 0% used [0x0000000792280000,0x0000000792280000,0x0000000794f80000)
 ParOldGen       total 94208K, used 55365K [0x0000000701600000, 0x0000000707200000, 0x0000000780780000)
  object space 94208K, 58% used [0x0000000701600000,0x0000000704c11648,0x0000000707200000)
 Metaspace       used 27862K, capacity 28540K, committed 28928K, reserved 1075200K
  class space    used 3278K, capacity 3498K, committed 3584K, reserved 1048576K
}
Event: 10.219 GC heap before
{Heap before GC invocations=12 (full 1):
 PSYoungGen      total 332288K, used 325250K [0x0000000780780000, 0x0000000798100000, 0x00000007c0000000)
  eden space 289792K, 100% used [0x0000000780780000,0x0000000792280000,0x0000000792280000)
  from space 42496K, 83% used [0x0000000794f80000,0x0000000797220b28,0x0000000797900000)
  to   space 46080K, 0% used [0x0000000792280000,0x0000000792280000,0x0000000794f80000)
 ParOldGen       total 94208K, used 55365K [0x0000000701600000, 0x0000000707200000, 0x0000000780780000)
  object space 94208K, 58% used [0x0000000701600000,0x0000000704c11648,0x0000000707200000)
 Metaspace       used 32372K, capacity 33116K, committed 33280K, reserved 1079296K
  class space    used 3838K, capacity 4084K, committed 4096K, reserved 1048576K
Event: 10.263 GC heap after
Heap after GC invocations=12 (full 1):
 PSYoungGen      total 335872K, used 37710K [0x0000000780780000, 0x00000007a0400000, 0x00000007c0000000)
  eden space 289792K, 0% used [0x0000000780780000,0x0000000780780000,0x0000000792280000)
  from space 46080K, 81% used [0x0000000792280000,0x0000000794753878,0x0000000794f80000)
  to   space 50176K, 0% used [0x000000079d300000,0x000000079d300000,0x00000007a0400000)
 ParOldGen       total 94208K, used 57839K [0x0000000701600000, 0x0000000707200000, 0x0000000780780000)
  object space 94208K, 61% used [0x0000000701600000,0x0000000704e7bcb8,0x0000000707200000)
 Metaspace       used 32372K, capacity 33116K, committed 33280K, reserved 1079296K
  class space    used 3838K, capacity 4084K, committed 4096K, reserved 1048576K
}
Event: 10.603 GC heap before
{Heap before GC invocations=13 (full 1):
 PSYoungGen      total 335872K, used 71929K [0x0000000780780000, 0x00000007a0400000, 0x00000007c0000000)
  eden space 289792K, 11% used [0x0000000780780000,0x00000007828eaf78,0x0000000792280000)
  from space 46080K, 81% used [0x0000000792280000,0x0000000794753878,0x0000000794f80000)
  to   space 50176K, 0% used [0x000000079d300000,0x000000079d300000,0x00000007a0400000)
 ParOldGen       total 94208K, used 57839K [0x0000000701600000, 0x0000000707200000, 0x0000000780780000)
  object space 94208K, 61% used [0x0000000701600000,0x0000000704e7bcb8,0x0000000707200000)
 Metaspace       used 34626K, capacity 35292K, committed 35496K, reserved 1081344K
  class space    used 4113K, capacity 4340K, committed 4352K, reserved 1048576K
Event: 10.618 GC heap after
Heap after GC invocations=13 (full 1):
 PSYoungGen      total 470016K, used 2914K [0x0000000780780000, 0x00000007a0500000, 0x00000007c0000000)
  eden space 419840K, 0% used [0x0000000780780000,0x0000000780780000,0x000000079a180000)
  from space 50176K, 5% used [0x000000079d300000,0x000000079d5d8838,0x00000007a0400000)
  to   space 50688K, 0% used [0x000000079a180000,0x000000079a180000,0x000000079d300000)
 ParOldGen       total 94208K, used 63760K [0x0000000701600000, 0x0000000707200000, 0x0000000780780000)
  object space 94208K, 67% used [0x0000000701600000,0x0000000705444180,0x0000000707200000)
 Metaspace       used 34626K, capacity 35292K, committed 35496K, reserved 1081344K
  class space    used 4113K, capacity 4340K, committed 4352K, reserved 1048576K
}
Event: 10.618 GC heap before
{Heap before GC invocations=14 (full 2):
 PSYoungGen      total 470016K, used 2914K [0x0000000780780000, 0x00000007a0500000, 0x00000007c0000000)
  eden space 419840K, 0% used [0x0000000780780000,0x0000000780780000,0x000000079a180000)
  from space 50176K, 5% used [0x000000079d300000,0x000000079d5d8838,0x00000007a0400000)
  to   space 50688K, 0% used [0x000000079a180000,0x000000079a180000,0x000000079d300000)
 ParOldGen       total 94208K, used 63760K [0x0000000701600000, 0x0000000707200000, 0x0000000780780000)
  object space 94208K, 67% used [0x0000000701600000,0x0000000705444180,0x0000000707200000)
 Metaspace       used 34626K, capacity 35292K, committed 35496K, reserved 1081344K
  class space    used 4113K, capacity 4340K, committed 4352K, reserved 1048576K
Event: 10.732 GC heap after
Heap after GC invocations=14 (full 2):
 PSYoungGen      total 470016K, used 0K [0x0000000780780000, 0x00000007a0500000, 0x00000007c0000000)
  eden space 419840K, 0% used [0x0000000780780000,0x0000000780780000,0x000000079a180000)
  from space 50176K, 0% used [0x000000079d300000,0x000000079d300000,0x00000007a0400000)
  to   space 50688K, 0% used [0x000000079a180000,0x000000079a180000,0x000000079d300000)
 ParOldGen       total 140800K, used 30290K [0x0000000701600000, 0x0000000709f80000, 0x0000000780780000)
  object space 140800K, 21% used [0x0000000701600000,0x0000000703394880,0x0000000709f80000)
 Metaspace       used 34626K, capacity 35292K, committed 35496K, reserved 1081344K
  class space    used 4113K, capacity 4340K, committed 4352K, reserved 1048576K
}
Event: 262.558 GC heap before
{Heap before GC invocations=15 (full 2):
 PSYoungGen      total 470016K, used 419840K [0x0000000780780000, 0x00000007a0500000, 0x00000007c0000000)
  eden space 419840K, 100% used [0x0000000780780000,0x000000079a180000,0x000000079a180000)
  from space 50176K, 0% used [0x000000079d300000,0x000000079d300000,0x00000007a0400000)
  to   space 50688K, 0% used [0x000000079a180000,0x000000079a180000,0x000000079d300000)
 ParOldGen       total 140800K, used 30290K [0x0000000701600000, 0x0000000709f80000, 0x0000000780780000)
  object space 140800K, 21% used [0x0000000701600000,0x0000000703394880,0x0000000709f80000)
 Metaspace       used 49352K, capacity 50664K, committed 50944K, reserved 1093632K
  class space    used 5761K, capacity 6066K, committed 6144K, reserved 1048576K
Event: 262.642 GC heap after
Heap after GC invocations=15 (full 2):
 PSYoungGen      total 470528K, used 21770K [0x0000000780780000, 0x00000007aa680000, 0x00000007c0000000)
  eden space 419840K, 0% used [0x0000000780780000,0x0000000780780000,0x000000079a180000)
  from space 50688K, 42% used [0x000000079a180000,0x000000079b6c29d0,0x000000079d300000)
  to   space 48128K, 0% used [0x00000007a7780000,0x00000007a7780000,0x00000007aa680000)
 ParOldGen       total 140800K, used 30306K [0x0000000701600000, 0x0000000709f80000, 0x0000000780780000)
  object space 140800K, 21% used [0x0000000701600000,0x0000000703398880,0x0000000709f80000)
 Metaspace       used 49352K, capacity 50664K, committed 50944K, reserved 1093632K
  class space    used 5761K, capacity 6066K, committed 6144K, reserved 1048576K
}

