# JRE version: Java(TM) SE Runtime Environment (8.0_121-b13) (build 1.8.0_121-b13)
# Java VM: Java HotSpot(TM) 64-Bit Server VM (25.121-b13 mixed mode windows-amd64 compressed oops)
Heap:
 PSYoungGen      total 465408K, used 252634K [0x0000000780780000, 0x00000007aae00000, 0x00000007c0000000)
  eden space 421376K, 54% used [0x0000000780780000,0x000000078e822130,0x000000079a300000)
  from space 44032K, 51% used [0x000000079a300000,0x000000079b9148d8,0x000000079ce00000)
  to   space 43520K, 0% used [0x00000007a8380000,0x00000007a8380000,0x00000007aae00000)
 ParOldGen       total 127488K, used 29962K [0x0000000701600000, 0x0000000709280000, 0x0000000780780000)
  object space 127488K, 23% used [0x0000000701600000,0x0000000703342ab8,0x0000000709280000)
 Metaspace       used 52525K, capacity 54162K, committed 54272K, reserved 1097728K
  class space    used 6003K, capacity 6336K, committed 6400K, reserved 1048576K
GC Heap History (10 events):
Event: 12.380 GC heap before
{Heap before GC invocations=13 (full 1):
 PSYoungGen      total 212992K, used 212989K [0x0000000780780000, 0x0000000795f80000, 0x00000007c0000000)
  eden space 182272K, 100% used [0x0000000780780000,0x000000078b980000,0x000000078b980000)
  from space 30720K, 99% used [0x000000078b980000,0x000000078d77f5c8,0x000000078d780000)
  to   space 36352K, 0% used [0x0000000793c00000,0x0000000793c00000,0x0000000795f80000)
 ParOldGen       total 88064K, used 37339K [0x0000000701600000, 0x0000000706c00000, 0x0000000780780000)
  object space 88064K, 42% used [0x0000000701600000,0x0000000703a76f48,0x0000000706c00000)
 Metaspace       used 28039K, capacity 28698K, committed 28928K, reserved 1075200K
  class space    used 3306K, capacity 3531K, committed 3584K, reserved 1048576K
Event: 12.412 GC heap after
Heap after GC invocations=13 (full 1):
 PSYoungGen      total 313344K, used 27876K [0x0000000780780000, 0x0000000796480000, 0x00000007c0000000)
  eden space 276992K, 0% used [0x0000000780780000,0x0000000780780000,0x0000000791600000)
  from space 36352K, 76% used [0x0000000793c00000,0x0000000795739240,0x0000000795f80000)
  to   space 38912K, 0% used [0x0000000791600000,0x0000000791600000,0x0000000793c00000)
 ParOldGen       total 88064K, used 41902K [0x0000000701600000, 0x0000000706c00000, 0x0000000780780000)
  object space 88064K, 47% used [0x0000000701600000,0x0000000703eebbc0,0x0000000706c00000)
 Metaspace       used 28039K, capacity 28698K, committed 28928K, reserved 1075200K
  class space    used 3306K, capacity 3531K, committed 3584K, reserved 1048576K
}
Event: 13.424 GC heap before
{Heap before GC invocations=14 (full 1):
 PSYoungGen      total 313344K, used 304868K [0x0000000780780000, 0x0000000796480000, 0x00000007c0000000)
  eden space 276992K, 100% used [0x0000000780780000,0x0000000791600000,0x0000000791600000)
  from space 36352K, 76% used [0x0000000793c00000,0x0000000795739240,0x0000000795f80000)
  to   space 38912K, 0% used [0x0000000791600000,0x0000000791600000,0x0000000793c00000)
 ParOldGen       total 88064K, used 41902K [0x0000000701600000, 0x0000000706c00000, 0x0000000780780000)
  object space 88064K, 47% used [0x0000000701600000,0x0000000703eebbc0,0x0000000706c00000)
 Metaspace       used 31747K, capacity 32442K, committed 32768K, reserved 1077248K
  class space    used 3771K, capacity 3989K, committed 4096K, reserved 1048576K
Event: 13.470 GC heap after
Heap after GC invocations=14 (full 1):
 PSYoungGen      total 315904K, used 36685K [0x0000000780780000, 0x000000079fa80000, 0x00000007c0000000)
  eden space 276992K, 0% used [0x0000000780780000,0x0000000780780000,0x0000000791600000)
  from space 38912K, 94% used [0x0000000791600000,0x00000007939d3680,0x0000000793c00000)
  to   space 44032K, 0% used [0x000000079cf80000,0x000000079cf80000,0x000000079fa80000)
 ParOldGen       total 88064K, used 44807K [0x0000000701600000, 0x0000000706c00000, 0x0000000780780000)
  object space 88064K, 50% used [0x0000000701600000,0x00000007041c1e38,0x0000000706c00000)
 Metaspace       used 31747K, capacity 32442K, committed 32768K, reserved 1077248K
  class space    used 3771K, capacity 3989K, committed 4096K, reserved 1048576K
}
Event: 13.854 GC heap before
{Heap before GC invocations=15 (full 1):
 PSYoungGen      total 315904K, used 75066K [0x0000000780780000, 0x000000079fa80000, 0x00000007c0000000)
  eden space 276992K, 13% used [0x0000000780780000,0x0000000782cfb198,0x0000000791600000)
  from space 38912K, 94% used [0x0000000791600000,0x00000007939d3680,0x0000000793c00000)
  to   space 44032K, 0% used [0x000000079cf80000,0x000000079cf80000,0x000000079fa80000)
 ParOldGen       total 88064K, used 44807K [0x0000000701600000, 0x0000000706c00000, 0x0000000780780000)
  object space 88064K, 50% used [0x0000000701600000,0x00000007041c1e38,0x0000000706c00000)
 Metaspace       used 34693K, capacity 35354K, committed 35496K, reserved 1081344K
  class space    used 4130K, capacity 4341K, committed 4352K, reserved 1048576K
Event: 13.870 GC heap after
Heap after GC invocations=15 (full 1):
 PSYoungGen      total 463872K, used 3192K [0x0000000780780000, 0x000000079f900000, 0x00000007c0000000)
  eden space 421376K, 0% used [0x0000000780780000,0x0000000780780000,0x000000079a300000)
  from space 42496K, 7% used [0x000000079cf80000,0x000000079d29e230,0x000000079f900000)
  to   space 44032K, 0% used [0x000000079a300000,0x000000079a300000,0x000000079ce00000)
 ParOldGen       total 88064K, used 50575K [0x0000000701600000, 0x0000000706c00000, 0x0000000780780000)
  object space 88064K, 57% used [0x0000000701600000,0x0000000704763cf8,0x0000000706c00000)
 Metaspace       used 34693K, capacity 35354K, committed 35496K, reserved 1081344K
  class space    used 4130K, capacity 4341K, committed 4352K, reserved 1048576K
}
Event: 13.870 GC heap before
{Heap before GC invocations=16 (full 2):
 PSYoungGen      total 463872K, used 3192K [0x0000000780780000, 0x000000079f900000, 0x00000007c0000000)
  eden space 421376K, 0% used [0x0000000780780000,0x0000000780780000,0x000000079a300000)
  from space 42496K, 7% used [0x000000079cf80000,0x000000079d29e230,0x000000079f900000)
  to   space 44032K, 0% used [0x000000079a300000,0x000000079a300000,0x000000079ce00000)
 ParOldGen       total 88064K, used 50575K [0x0000000701600000, 0x0000000706c00000, 0x0000000780780000)
  object space 88064K, 57% used [0x0000000701600000,0x0000000704763cf8,0x0000000706c00000)
 Metaspace       used 34693K, capacity 35354K, committed 35496K, reserved 1081344K
  class space    used 4130K, capacity 4341K, committed 4352K, reserved 1048576K
Event: 13.993 GC heap after
Heap after GC invocations=16 (full 2):
 PSYoungGen      total 463872K, used 0K [0x0000000780780000, 0x000000079f900000, 0x00000007c0000000)
  eden space 421376K, 0% used [0x0000000780780000,0x0000000780780000,0x000000079a300000)
  from space 42496K, 0% used [0x000000079cf80000,0x000000079cf80000,0x000000079f900000)
  to   space 44032K, 0% used [0x000000079a300000,0x000000079a300000,0x000000079ce00000)
 ParOldGen       total 127488K, used 29954K [0x0000000701600000, 0x0000000709280000, 0x0000000780780000)
  object space 127488K, 23% used [0x0000000701600000,0x0000000703340ab8,0x0000000709280000)
 Metaspace       used 34693K, capacity 35354K, committed 35496K, reserved 1081344K
  class space    used 4130K, capacity 4341K, committed 4352K, reserved 1048576K
}
Event: 494.468 GC heap before
{Heap before GC invocations=17 (full 2):
 PSYoungGen      total 463872K, used 421376K [0x0000000780780000, 0x000000079f900000, 0x00000007c0000000)
  eden space 421376K, 100% used [0x0000000780780000,0x000000079a300000,0x000000079a300000)
  from space 42496K, 0% used [0x000000079cf80000,0x000000079cf80000,0x000000079f900000)
  to   space 44032K, 0% used [0x000000079a300000,0x000000079a300000,0x000000079ce00000)
 ParOldGen       total 127488K, used 29954K [0x0000000701600000, 0x0000000709280000, 0x0000000780780000)
  object space 127488K, 23% used [0x0000000701600000,0x0000000703340ab8,0x0000000709280000)
 Metaspace       used 49999K, capacity 51314K, committed 51456K, reserved 1095680K
  class space    used 5822K, capacity 6133K, committed 6144K, reserved 1048576K
Event: 494.585 GC heap after
Heap after GC invocations=17 (full 2):
 PSYoungGen      total 465408K, used 22610K [0x0000000780780000, 0x00000007aae00000, 0x00000007c0000000)
  eden space 421376K, 0% used [0x0000000780780000,0x0000000780780000,0x000000079a300000)
  from space 44032K, 51% used [0x000000079a300000,0x000000079b9148d8,0x000000079ce00000)
  to   space 43520K, 0% used [0x00000007a8380000,0x00000007a8380000,0x00000007aae00000)
 ParOldGen       total 127488K, used 29962K [0x0000000701600000, 0x0000000709280000, 0x0000000780780000)
  object space 127488K, 23% used [0x0000000701600000,0x0000000703342ab8,0x0000000709280000)
 Metaspace       used 49999K, capacity 51314K, committed 51456K, reserved 1095680K
  class space    used 5822K, capacity 6133K, committed 6144K, reserved 1048576K
}

