# JRE version: Java(TM) SE Runtime Environment (8.0_121-b13) (build 1.8.0_121-b13)
# Java VM: Java HotSpot(TM) 64-Bit Server VM (25.121-b13 mixed mode windows-amd64 compressed oops)
Heap:
 PSYoungGen      total 264192K, used 165228K [0x0000000780780000, 0x0000000799900000, 0x00000007c0000000)
  eden space 223232K, 74% used [0x0000000780780000,0x000000078a8db2b0,0x000000078e180000)
  from space 40960K, 0% used [0x000000078e180000,0x000000078e180000,0x0000000790980000)
  to   space 38912K, 0% used [0x0000000797300000,0x0000000797300000,0x0000000799900000)
 ParOldGen       total 137728K, used 35283K [0x0000000701600000, 0x0000000709c80000, 0x0000000780780000)
  object space 137728K, 25% used [0x0000000701600000,0x0000000703874ca8,0x0000000709c80000)
 Metaspace       used 42741K, capacity 43536K, committed 43904K, reserved 1087488K
  class space    used 5164K, capacity 5440K, committed 5504K, reserved 1048576K
GC Heap History (10 events):
Event: 9.260 GC heap before
{Heap before GC invocations=11 (full 1):
 PSYoungGen      total 126464K, used 126440K [0x0000000780780000, 0x000000078d180000, 0x00000007c0000000)
  eden space 105472K, 100% used [0x0000000780780000,0x0000000786e80000,0x0000000786e80000)
  from space 20992K, 99% used [0x0000000786e80000,0x00000007882fa3a0,0x0000000788300000)
  to   space 26112K, 0% used [0x000000078b800000,0x000000078b800000,0x000000078d180000)
 ParOldGen       total 91648K, used 24002K [0x0000000701600000, 0x0000000706f80000, 0x0000000780780000)
  object space 91648K, 26% used [0x0000000701600000,0x0000000702d70a88,0x0000000706f80000)
 Metaspace       used 27793K, capacity 28472K, committed 28672K, reserved 1075200K
  class space    used 3278K, capacity 3497K, committed 3584K, reserved 1048576K
Event: 9.304 GC heap after
Heap after GC invocations=11 (full 1):
 PSYoungGen      total 176128K, used 26082K [0x0000000780780000, 0x000000078dd80000, 0x00000007c0000000)
  eden space 150016K, 0% used [0x0000000780780000,0x0000000780780000,0x0000000789a00000)
  from space 26112K, 99% used [0x000000078b800000,0x000000078d178908,0x000000078d180000)
  to   space 30720K, 0% used [0x0000000789a00000,0x0000000789a00000,0x000000078b800000)
 ParOldGen       total 91648K, used 26638K [0x0000000701600000, 0x0000000706f80000, 0x0000000780780000)
  object space 91648K, 29% used [0x0000000701600000,0x0000000703003948,0x0000000706f80000)
 Metaspace       used 27793K, capacity 28472K, committed 28672K, reserved 1075200K
  class space    used 3278K, capacity 3497K, committed 3584K, reserved 1048576K
}
Event: 9.841 GC heap before
{Heap before GC invocations=12 (full 1):
 PSYoungGen      total 176128K, used 176098K [0x0000000780780000, 0x000000078dd80000, 0x00000007c0000000)
  eden space 150016K, 100% used [0x0000000780780000,0x0000000789a00000,0x0000000789a00000)
  from space 26112K, 99% used [0x000000078b800000,0x000000078d178908,0x000000078d180000)
  to   space 30720K, 0% used [0x0000000789a00000,0x0000000789a00000,0x000000078b800000)
 ParOldGen       total 91648K, used 26638K [0x0000000701600000, 0x0000000706f80000, 0x0000000780780000)
  object space 91648K, 29% used [0x0000000701600000,0x0000000703003948,0x0000000706f80000)
 Metaspace       used 27797K, capacity 28472K, committed 28672K, reserved 1075200K
  class space    used 3278K, capacity 3497K, committed 3584K, reserved 1048576K
Event: 9.905 GC heap after
Heap after GC invocations=12 (full 1):
 PSYoungGen      total 180736K, used 30694K [0x0000000780780000, 0x0000000792e00000, 0x00000007c0000000)
  eden space 150016K, 0% used [0x0000000780780000,0x0000000780780000,0x0000000789a00000)
  from space 30720K, 99% used [0x0000000789a00000,0x000000078b7f9b80,0x000000078b800000)
  to   space 37376K, 0% used [0x0000000790980000,0x0000000790980000,0x0000000792e00000)
 ParOldGen       total 91648K, used 32637K [0x0000000701600000, 0x0000000706f80000, 0x0000000780780000)
  object space 91648K, 35% used [0x0000000701600000,0x00000007035df670,0x0000000706f80000)
 Metaspace       used 27797K, capacity 28472K, committed 28672K, reserved 1075200K
  class space    used 3278K, capacity 3497K, committed 3584K, reserved 1048576K
}
Event: 10.583 GC heap before
{Heap before GC invocations=13 (full 1):
 PSYoungGen      total 180736K, used 180710K [0x0000000780780000, 0x0000000792e00000, 0x00000007c0000000)
  eden space 150016K, 100% used [0x0000000780780000,0x0000000789a00000,0x0000000789a00000)
  from space 30720K, 99% used [0x0000000789a00000,0x000000078b7f9b80,0x000000078b800000)
  to   space 37376K, 0% used [0x0000000790980000,0x0000000790980000,0x0000000792e00000)
 ParOldGen       total 91648K, used 32637K [0x0000000701600000, 0x0000000706f80000, 0x0000000780780000)
  object space 91648K, 35% used [0x0000000701600000,0x00000007035df670,0x0000000706f80000)
 Metaspace       used 27823K, capacity 28514K, committed 28672K, reserved 1075200K
  class space    used 3281K, capacity 3531K, committed 3584K, reserved 1048576K
Event: 10.622 GC heap after
Heap after GC invocations=13 (full 1):
 PSYoungGen      total 260608K, used 31085K [0x0000000780780000, 0x0000000793480000, 0x00000007c0000000)
  eden space 223232K, 0% used [0x0000000780780000,0x0000000780780000,0x000000078e180000)
  from space 37376K, 83% used [0x0000000790980000,0x00000007927db6b0,0x0000000792e00000)
  to   space 40960K, 0% used [0x000000078e180000,0x000000078e180000,0x0000000790980000)
 ParOldGen       total 91648K, used 35497K [0x0000000701600000, 0x0000000706f80000, 0x0000000780780000)
  object space 91648K, 38% used [0x0000000701600000,0x00000007038aa6c8,0x0000000706f80000)
 Metaspace       used 27823K, capacity 28514K, committed 28672K, reserved 1075200K
  class space    used 3281K, capacity 3531K, committed 3584K, reserved 1048576K
}
Event: 11.802 GC heap before
{Heap before GC invocations=14 (full 1):
 PSYoungGen      total 260608K, used 163148K [0x0000000780780000, 0x0000000793480000, 0x00000007c0000000)
  eden space 223232K, 59% used [0x0000000780780000,0x0000000788877d18,0x000000078e180000)
  from space 37376K, 83% used [0x0000000790980000,0x00000007927db6b0,0x0000000792e00000)
  to   space 40960K, 0% used [0x000000078e180000,0x000000078e180000,0x0000000790980000)
 ParOldGen       total 91648K, used 35497K [0x0000000701600000, 0x0000000706f80000, 0x0000000780780000)
  object space 91648K, 38% used [0x0000000701600000,0x00000007038aa6c8,0x0000000706f80000)
 Metaspace       used 34538K, capacity 35230K, committed 35496K, reserved 1081344K
  class space    used 4102K, capacity 4341K, committed 4352K, reserved 1048576K
Event: 11.831 GC heap after
Heap after GC invocations=14 (full 1):
 PSYoungGen      total 264192K, used 18210K [0x0000000780780000, 0x0000000799900000, 0x00000007c0000000)
  eden space 223232K, 0% used [0x0000000780780000,0x0000000780780000,0x000000078e180000)
  from space 40960K, 44% used [0x000000078e180000,0x000000078f348890,0x0000000790980000)
  to   space 38912K, 0% used [0x0000000797300000,0x0000000797300000,0x0000000799900000)
 ParOldGen       total 91648K, used 36570K [0x0000000701600000, 0x0000000706f80000, 0x0000000780780000)
  object space 91648K, 39% used [0x0000000701600000,0x00000007039b6a30,0x0000000706f80000)
 Metaspace       used 34538K, capacity 35230K, committed 35496K, reserved 1081344K
  class space    used 4102K, capacity 4341K, committed 4352K, reserved 1048576K
}
Event: 11.831 GC heap before
{Heap before GC invocations=15 (full 2):
 PSYoungGen      total 264192K, used 18210K [0x0000000780780000, 0x0000000799900000, 0x00000007c0000000)
  eden space 223232K, 0% used [0x0000000780780000,0x0000000780780000,0x000000078e180000)
  from space 40960K, 44% used [0x000000078e180000,0x000000078f348890,0x0000000790980000)
  to   space 38912K, 0% used [0x0000000797300000,0x0000000797300000,0x0000000799900000)
 ParOldGen       total 91648K, used 36570K [0x0000000701600000, 0x0000000706f80000, 0x0000000780780000)
  object space 91648K, 39% used [0x0000000701600000,0x00000007039b6a30,0x0000000706f80000)
 Metaspace       used 34538K, capacity 35230K, committed 35496K, reserved 1081344K
  class space    used 4102K, capacity 4341K, committed 4352K, reserved 1048576K
Event: 11.976 GC heap after
Heap after GC invocations=15 (full 2):
 PSYoungGen      total 264192K, used 0K [0x0000000780780000, 0x0000000799900000, 0x00000007c0000000)
  eden space 223232K, 0% used [0x0000000780780000,0x0000000780780000,0x000000078e180000)
  from space 40960K, 0% used [0x000000078e180000,0x000000078e180000,0x0000000790980000)
  to   space 38912K, 0% used [0x0000000797300000,0x0000000797300000,0x0000000799900000)
 ParOldGen       total 137728K, used 35283K [0x0000000701600000, 0x0000000709c80000, 0x0000000780780000)
  object space 137728K, 25% used [0x0000000701600000,0x0000000703874ca8,0x0000000709c80000)
 Metaspace       used 34538K, capacity 35230K, committed 35496K, reserved 1081344K
  class space    used 4102K, capacity 4341K, committed 4352K, reserved 1048576K
}

