# JRE version: Java(TM) SE Runtime Environment (8.0_121-b13) (build 1.8.0_121-b13)
# Java VM: Java HotSpot(TM) 64-Bit Server VM (25.121-b13 mixed mode windows-amd64 compressed oops)
Heap:
 PSYoungGen      total 261120K, used 219398K [0x0000000780780000, 0x0000000798f00000, 0x00000007c0000000)
  eden space 220672K, 99% used [0x0000000780780000,0x000000078ddc1810,0x000000078df00000)
  from space 40448K, 0% used [0x000000078df00000,0x000000078df00000,0x0000000790680000)
  to   space 38400K, 0% used [0x0000000796980000,0x0000000796980000,0x0000000798f00000)
 ParOldGen       total 137728K, used 35576K [0x0000000701600000, 0x0000000709c80000, 0x0000000780780000)
  object space 137728K, 25% used [0x0000000701600000,0x00000007038be1f0,0x0000000709c80000)
 Metaspace       used 47481K, capacity 48398K, committed 48768K, reserved 1091584K
  class space    used 5683K, capacity 5937K, committed 6016K, reserved 1048576K
GC Heap History (10 events):
Event: 9.340 GC heap before
{Heap before GC invocations=11 (full 1):
 PSYoungGen      total 127488K, used 127483K [0x0000000780780000, 0x000000078d200000, 0x00000007c0000000)
  eden space 105984K, 100% used [0x0000000780780000,0x0000000786f00000,0x0000000786f00000)
  from space 21504K, 99% used [0x0000000786f00000,0x00000007883fef98,0x0000000788400000)
  to   space 26624K, 0% used [0x000000078b800000,0x000000078b800000,0x000000078d200000)
 ParOldGen       total 92160K, used 23139K [0x0000000701600000, 0x0000000707000000, 0x0000000780780000)
  object space 92160K, 25% used [0x0000000701600000,0x0000000702c98db8,0x0000000707000000)
 Metaspace       used 27784K, capacity 28426K, committed 28672K, reserved 1075200K
  class space    used 3279K, capacity 3528K, committed 3584K, reserved 1048576K
Event: 9.380 GC heap after
Heap after GC invocations=11 (full 1):
 PSYoungGen      total 176640K, used 26612K [0x0000000780780000, 0x000000078dd00000, 0x00000007c0000000)
  eden space 150016K, 0% used [0x0000000780780000,0x0000000780780000,0x0000000789a00000)
  from space 26624K, 99% used [0x000000078b800000,0x000000078d1fd358,0x000000078d200000)
  to   space 30720K, 0% used [0x0000000789a00000,0x0000000789a00000,0x000000078b800000)
 ParOldGen       total 92160K, used 24423K [0x0000000701600000, 0x0000000707000000, 0x0000000780780000)
  object space 92160K, 26% used [0x0000000701600000,0x0000000702dd9ea8,0x0000000707000000)
 Metaspace       used 27784K, capacity 28426K, committed 28672K, reserved 1075200K
  class space    used 3279K, capacity 3528K, committed 3584K, reserved 1048576K
}
Event: 9.852 GC heap before
{Heap before GC invocations=12 (full 1):
 PSYoungGen      total 176640K, used 176628K [0x0000000780780000, 0x000000078dd00000, 0x00000007c0000000)
  eden space 150016K, 100% used [0x0000000780780000,0x0000000789a00000,0x0000000789a00000)
  from space 26624K, 99% used [0x000000078b800000,0x000000078d1fd358,0x000000078d200000)
  to   space 30720K, 0% used [0x0000000789a00000,0x0000000789a00000,0x000000078b800000)
 ParOldGen       total 92160K, used 24423K [0x0000000701600000, 0x0000000707000000, 0x0000000780780000)
  object space 92160K, 26% used [0x0000000701600000,0x0000000702dd9ea8,0x0000000707000000)
 Metaspace       used 27788K, capacity 28430K, committed 28672K, reserved 1075200K
  class space    used 3279K, capacity 3528K, committed 3584K, reserved 1048576K
Event: 9.896 GC heap after
Heap after GC invocations=12 (full 1):
 PSYoungGen      total 180736K, used 30693K [0x0000000780780000, 0x0000000792b00000, 0x00000007c0000000)
  eden space 150016K, 0% used [0x0000000780780000,0x0000000780780000,0x0000000789a00000)
  from space 30720K, 99% used [0x0000000789a00000,0x000000078b7f96a0,0x000000078b800000)
  to   space 37376K, 0% used [0x0000000790680000,0x0000000790680000,0x0000000792b00000)
 ParOldGen       total 92160K, used 30435K [0x0000000701600000, 0x0000000707000000, 0x0000000780780000)
  object space 92160K, 33% used [0x0000000701600000,0x00000007033b8d58,0x0000000707000000)
 Metaspace       used 27788K, capacity 28430K, committed 28672K, reserved 1075200K
  class space    used 3279K, capacity 3528K, committed 3584K, reserved 1048576K
}
Event: 10.336 GC heap before
{Heap before GC invocations=13 (full 1):
 PSYoungGen      total 180736K, used 180709K [0x0000000780780000, 0x0000000792b00000, 0x00000007c0000000)
  eden space 150016K, 100% used [0x0000000780780000,0x0000000789a00000,0x0000000789a00000)
  from space 30720K, 99% used [0x0000000789a00000,0x000000078b7f96a0,0x000000078b800000)
  to   space 37376K, 0% used [0x0000000790680000,0x0000000790680000,0x0000000792b00000)
 ParOldGen       total 92160K, used 30435K [0x0000000701600000, 0x0000000707000000, 0x0000000780780000)
  object space 92160K, 33% used [0x0000000701600000,0x00000007033b8d58,0x0000000707000000)
 Metaspace       used 27790K, capacity 28430K, committed 28672K, reserved 1075200K
  class space    used 3279K, capacity 3528K, committed 3584K, reserved 1048576K
Event: 10.362 GC heap after
Heap after GC invocations=13 (full 1):
 PSYoungGen      total 258048K, used 30083K [0x0000000780780000, 0x0000000793080000, 0x00000007c0000000)
  eden space 220672K, 0% used [0x0000000780780000,0x0000000780780000,0x000000078df00000)
  from space 37376K, 80% used [0x0000000790680000,0x00000007923e0eb0,0x0000000792b00000)
  to   space 40448K, 0% used [0x000000078df00000,0x000000078df00000,0x0000000790680000)
 ParOldGen       total 92160K, used 33360K [0x0000000701600000, 0x0000000707000000, 0x0000000780780000)
  object space 92160K, 36% used [0x0000000701600000,0x00000007036942d0,0x0000000707000000)
 Metaspace       used 27790K, capacity 28430K, committed 28672K, reserved 1075200K
  class space    used 3279K, capacity 3528K, committed 3584K, reserved 1048576K
}
Event: 11.421 GC heap before
{Heap before GC invocations=14 (full 1):
 PSYoungGen      total 258048K, used 156719K [0x0000000780780000, 0x0000000793080000, 0x00000007c0000000)
  eden space 220672K, 57% used [0x0000000780780000,0x000000078832add8,0x000000078df00000)
  from space 37376K, 80% used [0x0000000790680000,0x00000007923e0eb0,0x0000000792b00000)
  to   space 40448K, 0% used [0x000000078df00000,0x000000078df00000,0x0000000790680000)
 ParOldGen       total 92160K, used 33360K [0x0000000701600000, 0x0000000707000000, 0x0000000780780000)
  object space 92160K, 36% used [0x0000000701600000,0x00000007036942d0,0x0000000707000000)
 Metaspace       used 34612K, capacity 35284K, committed 35496K, reserved 1081344K
  class space    used 4120K, capacity 4340K, committed 4352K, reserved 1048576K
Event: 11.439 GC heap after
Heap after GC invocations=14 (full 1):
 PSYoungGen      total 261120K, used 18997K [0x0000000780780000, 0x0000000798f00000, 0x00000007c0000000)
  eden space 220672K, 0% used [0x0000000780780000,0x0000000780780000,0x000000078df00000)
  from space 40448K, 46% used [0x000000078df00000,0x000000078f18d7c0,0x0000000790680000)
  to   space 38400K, 0% used [0x0000000796980000,0x0000000796980000,0x0000000798f00000)
 ParOldGen       total 92160K, used 33858K [0x0000000701600000, 0x0000000707000000, 0x0000000780780000)
  object space 92160K, 36% used [0x0000000701600000,0x0000000703710b68,0x0000000707000000)
 Metaspace       used 34612K, capacity 35284K, committed 35496K, reserved 1081344K
  class space    used 4120K, capacity 4340K, committed 4352K, reserved 1048576K
}
Event: 11.439 GC heap before
{Heap before GC invocations=15 (full 2):
 PSYoungGen      total 261120K, used 18997K [0x0000000780780000, 0x0000000798f00000, 0x00000007c0000000)
  eden space 220672K, 0% used [0x0000000780780000,0x0000000780780000,0x000000078df00000)
  from space 40448K, 46% used [0x000000078df00000,0x000000078f18d7c0,0x0000000790680000)
  to   space 38400K, 0% used [0x0000000796980000,0x0000000796980000,0x0000000798f00000)
 ParOldGen       total 92160K, used 33858K [0x0000000701600000, 0x0000000707000000, 0x0000000780780000)
  object space 92160K, 36% used [0x0000000701600000,0x0000000703710b68,0x0000000707000000)
 Metaspace       used 34612K, capacity 35284K, committed 35496K, reserved 1081344K
  class space    used 4120K, capacity 4340K, committed 4352K, reserved 1048576K
Event: 11.536 GC heap after
Heap after GC invocations=15 (full 2):
 PSYoungGen      total 261120K, used 0K [0x0000000780780000, 0x0000000798f00000, 0x00000007c0000000)
  eden space 220672K, 0% used [0x0000000780780000,0x0000000780780000,0x000000078df00000)
  from space 40448K, 0% used [0x000000078df00000,0x000000078df00000,0x0000000790680000)
  to   space 38400K, 0% used [0x0000000796980000,0x0000000796980000,0x0000000798f00000)
 ParOldGen       total 137728K, used 35576K [0x0000000701600000, 0x0000000709c80000, 0x0000000780780000)
  object space 137728K, 25% used [0x0000000701600000,0x00000007038be1f0,0x0000000709c80000)
 Metaspace       used 34612K, capacity 35284K, committed 35496K, reserved 1081344K
  class space    used 4120K, capacity 4340K, committed 4352K, reserved 1048576K
}

