# JRE version: Java(TM) SE Runtime Environment (8.0_121-b13) (build 1.8.0_121-b13)
# Java VM: Java HotSpot(TM) 64-Bit Server VM (25.121-b13 mixed mode windows-amd64 compressed oops)
Heap:
 PSYoungGen      total 297984K, used 150960K [0x0000000780780000, 0x000000079a180000, 0x00000007c0000000)
  eden space 253952K, 59% used [0x0000000780780000,0x0000000789aec3e8,0x000000078ff80000)
  from space 44032K, 0% used [0x000000078ff80000,0x000000078ff80000,0x0000000792a80000)
  to   space 42496K, 0% used [0x0000000797800000,0x0000000797800000,0x000000079a180000)
 ParOldGen       total 157184K, used 34944K [0x0000000701600000, 0x000000070af80000, 0x0000000780780000)
  object space 157184K, 22% used [0x0000000701600000,0x0000000703820390,0x000000070af80000)
 Metaspace       used 38941K, capacity 39546K, committed 39808K, reserved 1083392K
  class space    used 4701K, capacity 4909K, committed 4992K, reserved 1048576K
GC Heap History (10 events):
Event: 7.616 GC heap before
{Heap before GC invocations=9 (full 1):
 PSYoungGen      total 205824K, used 205812K [0x0000000780780000, 0x000000078fa80000, 0x00000007c0000000)
  eden space 189440K, 100% used [0x0000000780780000,0x000000078c080000,0x000000078c080000)
  from space 16384K, 99% used [0x000000078c080000,0x000000078d07d270,0x000000078d080000)
  to   space 22528K, 0% used [0x000000078e480000,0x000000078e480000,0x000000078fa80000)
 ParOldGen       total 94720K, used 24448K [0x0000000701600000, 0x0000000707280000, 0x0000000780780000)
  object space 94720K, 25% used [0x0000000701600000,0x0000000702de0360,0x0000000707280000)
 Metaspace       used 23641K, capacity 24172K, committed 24192K, reserved 1071104K
  class space    used 2774K, capacity 2929K, committed 2944K, reserved 1048576K
Event: 7.656 GC heap after
Heap after GC invocations=9 (full 1):
 PSYoungGen      total 217088K, used 22526K [0x0000000780780000, 0x0000000796080000, 0x00000007c0000000)
  eden space 194560K, 0% used [0x0000000780780000,0x0000000780780000,0x000000078c580000)
  from space 22528K, 99% used [0x000000078e480000,0x000000078fa7fbb0,0x000000078fa80000)
  to   space 31744K, 0% used [0x000000078c580000,0x000000078c580000,0x000000078e480000)
 ParOldGen       total 94720K, used 38001K [0x0000000701600000, 0x0000000707280000, 0x0000000780780000)
  object space 94720K, 40% used [0x0000000701600000,0x0000000703b1c4f0,0x0000000707280000)
 Metaspace       used 23641K, capacity 24172K, committed 24192K, reserved 1071104K
  class space    used 2774K, capacity 2929K, committed 2944K, reserved 1048576K
}
Event: 8.673 GC heap before
{Heap before GC invocations=10 (full 1):
 PSYoungGen      total 217088K, used 217086K [0x0000000780780000, 0x0000000796080000, 0x00000007c0000000)
  eden space 194560K, 100% used [0x0000000780780000,0x000000078c580000,0x000000078c580000)
  from space 22528K, 99% used [0x000000078e480000,0x000000078fa7fbb0,0x000000078fa80000)
  to   space 31744K, 0% used [0x000000078c580000,0x000000078c580000,0x000000078e480000)
 ParOldGen       total 94720K, used 38001K [0x0000000701600000, 0x0000000707280000, 0x0000000780780000)
  object space 94720K, 40% used [0x0000000701600000,0x0000000703b1c4f0,0x0000000707280000)
 Metaspace       used 23646K, capacity 24172K, committed 24192K, reserved 1071104K
  class space    used 2774K, capacity 2929K, committed 2944K, reserved 1048576K
Event: 8.714 GC heap after
Heap after GC invocations=10 (full 1):
 PSYoungGen      total 226304K, used 31733K [0x0000000780780000, 0x0000000795180000, 0x00000007c0000000)
  eden space 194560K, 0% used [0x0000000780780000,0x0000000780780000,0x000000078c580000)
  from space 31744K, 99% used [0x000000078c580000,0x000000078e47d710,0x000000078e480000)
  to   space 39936K, 0% used [0x0000000792a80000,0x0000000792a80000,0x0000000795180000)
 ParOldGen       total 94720K, used 46855K [0x0000000701600000, 0x0000000707280000, 0x0000000780780000)
  object space 94720K, 49% used [0x0000000701600000,0x00000007043c1fa8,0x0000000707280000)
 Metaspace       used 23646K, capacity 24172K, committed 24192K, reserved 1071104K
  class space    used 2774K, capacity 2929K, committed 2944K, reserved 1048576K
}
Event: 9.588 GC heap before
{Heap before GC invocations=11 (full 1):
 PSYoungGen      total 226304K, used 226293K [0x0000000780780000, 0x0000000795180000, 0x00000007c0000000)
  eden space 194560K, 100% used [0x0000000780780000,0x000000078c580000,0x000000078c580000)
  from space 31744K, 99% used [0x000000078c580000,0x000000078e47d710,0x000000078e480000)
  to   space 39936K, 0% used [0x0000000792a80000,0x0000000792a80000,0x0000000795180000)
 ParOldGen       total 94720K, used 46855K [0x0000000701600000, 0x0000000707280000, 0x0000000780780000)
  object space 94720K, 49% used [0x0000000701600000,0x00000007043c1fa8,0x0000000707280000)
 Metaspace       used 23667K, capacity 24214K, committed 24576K, reserved 1071104K
  class space    used 2778K, capacity 2963K, committed 3072K, reserved 1048576K
Event: 9.631 GC heap after
Heap after GC invocations=11 (full 1):
 PSYoungGen      total 293888K, used 34703K [0x0000000780780000, 0x0000000795c00000, 0x00000007c0000000)
  eden space 253952K, 0% used [0x0000000780780000,0x0000000780780000,0x000000078ff80000)
  from space 39936K, 86% used [0x0000000792a80000,0x0000000794c63c80,0x0000000795180000)
  to   space 44032K, 0% used [0x000000078ff80000,0x000000078ff80000,0x0000000792a80000)
 ParOldGen       total 94720K, used 51530K [0x0000000701600000, 0x0000000707280000, 0x0000000780780000)
  object space 94720K, 54% used [0x0000000701600000,0x00000007048528e8,0x0000000707280000)
 Metaspace       used 23667K, capacity 24214K, committed 24576K, reserved 1071104K
  class space    used 2778K, capacity 2963K, committed 3072K, reserved 1048576K
}
Event: 11.367 GC heap before
{Heap before GC invocations=12 (full 1):
 PSYoungGen      total 293888K, used 242983K [0x0000000780780000, 0x0000000795c00000, 0x00000007c0000000)
  eden space 253952K, 82% used [0x0000000780780000,0x000000078d2e6180,0x000000078ff80000)
  from space 39936K, 86% used [0x0000000792a80000,0x0000000794c63c80,0x0000000795180000)
  to   space 44032K, 0% used [0x000000078ff80000,0x000000078ff80000,0x0000000792a80000)
 ParOldGen       total 94720K, used 51530K [0x0000000701600000, 0x0000000707280000, 0x0000000780780000)
  object space 94720K, 54% used [0x0000000701600000,0x00000007048528e8,0x0000000707280000)
 Metaspace       used 34796K, capacity 35344K, committed 35496K, reserved 1081344K
  class space    used 4143K, capacity 4326K, committed 4352K, reserved 1048576K
Event: 11.398 GC heap after
Heap after GC invocations=12 (full 1):
 PSYoungGen      total 297984K, used 15905K [0x0000000780780000, 0x000000079a180000, 0x00000007c0000000)
  eden space 253952K, 0% used [0x0000000780780000,0x0000000780780000,0x000000078ff80000)
  from space 44032K, 36% used [0x000000078ff80000,0x0000000790f08648,0x0000000792a80000)
  to   space 42496K, 0% used [0x0000000797800000,0x0000000797800000,0x000000079a180000)
 ParOldGen       total 94720K, used 56186K [0x0000000701600000, 0x0000000707280000, 0x0000000780780000)
  object space 94720K, 59% used [0x0000000701600000,0x0000000704cdeae0,0x0000000707280000)
 Metaspace       used 34796K, capacity 35344K, committed 35496K, reserved 1081344K
  class space    used 4143K, capacity 4326K, committed 4352K, reserved 1048576K
}
Event: 11.398 GC heap before
{Heap before GC invocations=13 (full 2):
 PSYoungGen      total 297984K, used 15905K [0x0000000780780000, 0x000000079a180000, 0x00000007c0000000)
  eden space 253952K, 0% used [0x0000000780780000,0x0000000780780000,0x000000078ff80000)
  from space 44032K, 36% used [0x000000078ff80000,0x0000000790f08648,0x0000000792a80000)
  to   space 42496K, 0% used [0x0000000797800000,0x0000000797800000,0x000000079a180000)
 ParOldGen       total 94720K, used 56186K [0x0000000701600000, 0x0000000707280000, 0x0000000780780000)
  object space 94720K, 59% used [0x0000000701600000,0x0000000704cdeae0,0x0000000707280000)
 Metaspace       used 34796K, capacity 35344K, committed 35496K, reserved 1081344K
  class space    used 4143K, capacity 4326K, committed 4352K, reserved 1048576K
Event: 11.532 GC heap after
Heap after GC invocations=13 (full 2):
 PSYoungGen      total 297984K, used 0K [0x0000000780780000, 0x000000079a180000, 0x00000007c0000000)
  eden space 253952K, 0% used [0x0000000780780000,0x0000000780780000,0x000000078ff80000)
  from space 44032K, 0% used [0x000000078ff80000,0x000000078ff80000,0x0000000792a80000)
  to   space 42496K, 0% used [0x0000000797800000,0x0000000797800000,0x000000079a180000)
 ParOldGen       total 157184K, used 34944K [0x0000000701600000, 0x000000070af80000, 0x0000000780780000)
  object space 157184K, 22% used [0x0000000701600000,0x0000000703820390,0x000000070af80000)
 Metaspace       used 34796K, capacity 35344K, committed 35496K, reserved 1081344K
  class space    used 4143K, capacity 4326K, committed 4352K, reserved 1048576K
}

