# JRE version: Java(TM) SE Runtime Environment (8.0_121-b13) (build 1.8.0_121-b13)
# Java VM: Java HotSpot(TM) 64-Bit Server VM (25.121-b13 mixed mode windows-amd64 compressed oops)
Heap:
 PSYoungGen      total 240128K, used 23545K [0x0000000780780000, 0x0000000796d80000, 0x00000007c0000000)
  eden space 216576K, 0% used [0x0000000780780000,0x0000000780780000,0x000000078db00000)
  from space 23552K, 99% used [0x000000078fa80000,0x000000079117e730,0x0000000791180000)
  to   space 32256K, 0% used [0x000000078db00000,0x000000078db00000,0x000000078fa80000)
 ParOldGen       total 91648K, used 60940K [0x0000000701600000, 0x0000000706f80000, 0x0000000780780000)
  object space 91648K, 66% used [0x0000000701600000,0x0000000705183058,0x0000000706f80000)
 Metaspace       used 23684K, capacity 24278K, committed 24576K, reserved 1071104K
  class space    used 2780K, capacity 2963K, committed 3072K, reserved 1048576K
GC Heap History (10 events):
Event: 4.464 GC heap after
Heap after GC invocations=7 (full 1):
 PSYoungGen      total 157696K, used 12784K [0x0000000780780000, 0x000000078e080000, 0x00000007c0000000)
  eden space 144896K, 0% used [0x0000000780780000,0x0000000780780000,0x0000000789500000)
  from space 12800K, 99% used [0x000000078d400000,0x000000078e07c1e0,0x000000078e080000)
  to   space 15872K, 0% used [0x000000078c180000,0x000000078c180000,0x000000078d100000)
 ParOldGen       total 91648K, used 15645K [0x0000000701600000, 0x0000000706f80000, 0x0000000780780000)
  object space 91648K, 17% used [0x0000000701600000,0x0000000702547688,0x0000000706f80000)
 Metaspace       used 23630K, capacity 24172K, committed 24448K, reserved 1071104K
  class space    used 2773K, capacity 2929K, committed 2944K, reserved 1048576K
}
Event: 5.017 GC heap before
{Heap before GC invocations=8 (full 1):
 PSYoungGen      total 157696K, used 157680K [0x0000000780780000, 0x000000078e080000, 0x00000007c0000000)
  eden space 144896K, 100% used [0x0000000780780000,0x0000000789500000,0x0000000789500000)
  from space 12800K, 99% used [0x000000078d400000,0x000000078e07c1e0,0x000000078e080000)
  to   space 15872K, 0% used [0x000000078c180000,0x000000078c180000,0x000000078d100000)
 ParOldGen       total 91648K, used 15645K [0x0000000701600000, 0x0000000706f80000, 0x0000000780780000)
  object space 91648K, 17% used [0x0000000701600000,0x0000000702547688,0x0000000706f80000)
 Metaspace       used 23664K, capacity 24214K, committed 24576K, reserved 1071104K
  class space    used 2778K, capacity 2963K, committed 3072K, reserved 1048576K
Event: 5.048 GC heap after
Heap after GC invocations=8 (full 1):
 PSYoungGen      total 206336K, used 15869K [0x0000000780780000, 0x0000000791180000, 0x00000007c0000000)
  eden space 190464K, 0% used [0x0000000780780000,0x0000000780780000,0x000000078c180000)
  from space 15872K, 99% used [0x000000078c180000,0x000000078d0ff578,0x000000078d100000)
  to   space 23552K, 0% used [0x000000078fa80000,0x000000078fa80000,0x0000000791180000)
 ParOldGen       total 91648K, used 26947K [0x0000000701600000, 0x0000000706f80000, 0x0000000780780000)
  object space 91648K, 29% used [0x0000000701600000,0x0000000703050ee8,0x0000000706f80000)
 Metaspace       used 23664K, capacity 24214K, committed 24576K, reserved 1071104K
  class space    used 2778K, capacity 2963K, committed 3072K, reserved 1048576K
}
Event: 5.663 GC heap before
{Heap before GC invocations=9 (full 1):
 PSYoungGen      total 206336K, used 206333K [0x0000000780780000, 0x0000000791180000, 0x00000007c0000000)
  eden space 190464K, 100% used [0x0000000780780000,0x000000078c180000,0x000000078c180000)
  from space 15872K, 99% used [0x000000078c180000,0x000000078d0ff578,0x000000078d100000)
  to   space 23552K, 0% used [0x000000078fa80000,0x000000078fa80000,0x0000000791180000)
 ParOldGen       total 91648K, used 26947K [0x0000000701600000, 0x0000000706f80000, 0x0000000780780000)
  object space 91648K, 29% used [0x0000000701600000,0x0000000703050ee8,0x0000000706f80000)
 Metaspace       used 23668K, capacity 24278K, committed 24576K, reserved 1071104K
  class space    used 2778K, capacity 2963K, committed 3072K, reserved 1048576K
Event: 5.691 GC heap after
Heap after GC invocations=9 (full 1):
 PSYoungGen      total 240128K, used 23533K [0x0000000780780000, 0x0000000796d80000, 0x00000007c0000000)
  eden space 216576K, 0% used [0x0000000780780000,0x0000000780780000,0x000000078db00000)
  from space 23552K, 99% used [0x000000078fa80000,0x000000079117b768,0x0000000791180000)
  to   space 32256K, 0% used [0x000000078db00000,0x000000078db00000,0x000000078fa80000)
 ParOldGen       total 91648K, used 39108K [0x0000000701600000, 0x0000000706f80000, 0x0000000780780000)
  object space 91648K, 42% used [0x0000000701600000,0x0000000703c31318,0x0000000706f80000)
 Metaspace       used 23668K, capacity 24278K, committed 24576K, reserved 1071104K
  class space    used 2778K, capacity 2963K, committed 3072K, reserved 1048576K
}
Event: 6.349 GC heap before
{Heap before GC invocations=10 (full 1):
 PSYoungGen      total 240128K, used 240109K [0x0000000780780000, 0x0000000796d80000, 0x00000007c0000000)
  eden space 216576K, 100% used [0x0000000780780000,0x000000078db00000,0x000000078db00000)
  from space 23552K, 99% used [0x000000078fa80000,0x000000079117b768,0x0000000791180000)
  to   space 32256K, 0% used [0x000000078db00000,0x000000078db00000,0x000000078fa80000)
 ParOldGen       total 91648K, used 39108K [0x0000000701600000, 0x0000000706f80000, 0x0000000780780000)
  object space 91648K, 42% used [0x0000000701600000,0x0000000703c31318,0x0000000706f80000)
 Metaspace       used 23670K, capacity 24278K, committed 24576K, reserved 1071104K
  class space    used 2778K, capacity 2963K, committed 3072K, reserved 1048576K
Event: 6.392 GC heap after
Heap after GC invocations=10 (full 1):
 PSYoungGen      total 248832K, used 32254K [0x0000000780780000, 0x0000000796d80000, 0x00000007c0000000)
  eden space 216576K, 0% used [0x0000000780780000,0x0000000780780000,0x000000078db00000)
  from space 32256K, 99% used [0x000000078db00000,0x000000078fa7f838,0x000000078fa80000)
  to   space 23552K, 0% used [0x000000078fa80000,0x000000078fa80000,0x0000000791180000)
 ParOldGen       total 91648K, used 50122K [0x0000000701600000, 0x0000000706f80000, 0x0000000780780000)
  object space 91648K, 54% used [0x0000000701600000,0x00000007046f2878,0x0000000706f80000)
 Metaspace       used 23670K, capacity 24278K, committed 24576K, reserved 1071104K
  class space    used 2778K, capacity 2963K, committed 3072K, reserved 1048576K
}
Event: 6.781 GC heap before
{Heap before GC invocations=11 (full 1):
 PSYoungGen      total 248832K, used 185986K [0x0000000780780000, 0x0000000796d80000, 0x00000007c0000000)
  eden space 216576K, 70% used [0x0000000780780000,0x0000000789da10c0,0x000000078db00000)
  from space 32256K, 99% used [0x000000078db00000,0x000000078fa7f838,0x000000078fa80000)
  to   space 23552K, 0% used [0x000000078fa80000,0x000000078fa80000,0x0000000791180000)
 ParOldGen       total 91648K, used 50122K [0x0000000701600000, 0x0000000706f80000, 0x0000000780780000)
  object space 91648K, 54% used [0x0000000701600000,0x00000007046f2878,0x0000000706f80000)
 Metaspace       used 23684K, capacity 24278K, committed 24576K, reserved 1071104K
  class space    used 2780K, capacity 2963K, committed 3072K, reserved 1048576K
Event: 6.812 GC heap after
Heap after GC invocations=11 (full 1):
 PSYoungGen      total 240128K, used 23545K [0x0000000780780000, 0x0000000796d80000, 0x00000007c0000000)
  eden space 216576K, 0% used [0x0000000780780000,0x0000000780780000,0x000000078db00000)
  from space 23552K, 99% used [0x000000078fa80000,0x000000079117e730,0x0000000791180000)
  to   space 32256K, 0% used [0x000000078db00000,0x000000078db00000,0x000000078fa80000)
 ParOldGen       total 91648K, used 60940K [0x0000000701600000, 0x0000000706f80000, 0x0000000780780000)
  object space 91648K, 66% used [0x0000000701600000,0x0000000705183058,0x0000000706f80000)
 Metaspace       used 23684K, capacity 24278K, committed 24576K, reserved 1071104K
  class space    used 2780K, capacity 2963K, committed 3072K, reserved 1048576K
}
Event: 6.812 GC heap before
{Heap before GC invocations=12 (full 2):
 PSYoungGen      total 240128K, used 23545K [0x0000000780780000, 0x0000000796d80000, 0x00000007c0000000)
  eden space 216576K, 0% used [0x0000000780780000,0x0000000780780000,0x000000078db00000)
  from space 23552K, 99% used [0x000000078fa80000,0x000000079117e730,0x0000000791180000)
  to   space 32256K, 0% used [0x000000078db00000,0x000000078db00000,0x000000078fa80000)
 ParOldGen       total 91648K, used 60940K [0x0000000701600000, 0x0000000706f80000, 0x0000000780780000)
  object space 91648K, 66% used [0x0000000701600000,0x0000000705183058,0x0000000706f80000)
 Metaspace       used 23684K, capacity 24278K, committed 24576K, reserved 1071104K
  class space    used 2780K, capacity 2963K, committed 3072K, reserved 1048576K

