# JRE version: Java(TM) SE Runtime Environment (8.0_121-b13) (build 1.8.0_121-b13)
# Java VM: Java HotSpot(TM) 64-Bit Server VM (25.121-b13 mixed mode windows-amd64 compressed oops)
Heap:
 PSYoungGen      total 303104K, used 57130K [0x0000000780780000, 0x0000000797c80000, 0x00000007c0000000)
  eden space 277504K, 11% used [0x0000000780780000,0x000000078264fae8,0x0000000791680000)
  from space 25600K, 99% used [0x0000000793a80000,0x000000079537ae38,0x0000000795380000)
  to   space 36864K, 0% used [0x0000000791680000,0x0000000791680000,0x0000000793a80000)
 ParOldGen       total 92672K, used 43896K [0x0000000701600000, 0x0000000707080000, 0x0000000780780000)
  object space 92672K, 47% used [0x0000000701600000,0x00000007040de020,0x0000000707080000)
 Metaspace       used 23677K, capacity 24270K, committed 24576K, reserved 1071104K
  class space    used 2777K, capacity 2963K, committed 3072K, reserved 1048576K
GC Heap History (10 events):
Event: 3.023 GC heap before
{Heap before GC invocations=3 (full 0):
 PSYoungGen      total 106496K, used 106468K [0x0000000780780000, 0x0000000787780000, 0x00000007c0000000)
  eden space 98304K, 100% used [0x0000000780780000,0x0000000786780000,0x0000000786780000)
  from space 8192K, 99% used [0x0000000786f80000,0x0000000787779150,0x0000000787780000)
  to   space 8192K, 0% used [0x0000000786780000,0x0000000786780000,0x0000000786f80000)
 ParOldGen       total 131072K, used 1616K [0x0000000701600000, 0x0000000709600000, 0x0000000780780000)
  object space 131072K, 1% used [0x0000000701600000,0x00000007017942c0,0x0000000709600000)
 Metaspace       used 17804K, capacity 18322K, committed 18432K, reserved 1064960K
  class space    used 2096K, capacity 2264K, committed 2304K, reserved 1048576K
Event: 3.039 GC heap after
Heap after GC invocations=3 (full 0):
 PSYoungGen      total 106496K, used 8168K [0x0000000780780000, 0x000000078d780000, 0x00000007c0000000)
  eden space 98304K, 0% used [0x0000000780780000,0x0000000780780000,0x0000000786780000)
  from space 8192K, 99% used [0x0000000786780000,0x0000000786f7a060,0x0000000786f80000)
  to   space 8192K, 0% used [0x000000078cf80000,0x000000078cf80000,0x000000078d780000)
 ParOldGen       total 131072K, used 6156K [0x0000000701600000, 0x0000000709600000, 0x0000000780780000)
  object space 131072K, 4% used [0x0000000701600000,0x0000000701c033d8,0x0000000709600000)
 Metaspace       used 17804K, capacity 18322K, committed 18432K, reserved 1064960K
  class space    used 2096K, capacity 2264K, committed 2304K, reserved 1048576K
}
Event: 3.540 GC heap before
{Heap before GC invocations=4 (full 0):
 PSYoungGen      total 106496K, used 28070K [0x0000000780780000, 0x000000078d780000, 0x00000007c0000000)
  eden space 98304K, 20% used [0x0000000780780000,0x0000000781aefb30,0x0000000786780000)
  from space 8192K, 99% used [0x0000000786780000,0x0000000786f7a060,0x0000000786f80000)
  to   space 8192K, 0% used [0x000000078cf80000,0x000000078cf80000,0x000000078d780000)
 ParOldGen       total 131072K, used 6156K [0x0000000701600000, 0x0000000709600000, 0x0000000780780000)
  object space 131072K, 4% used [0x0000000701600000,0x0000000701c033d8,0x0000000709600000)
 Metaspace       used 20611K, capacity 21120K, committed 21296K, reserved 1069056K
  class space    used 2442K, capacity 2618K, committed 2688K, reserved 1048576K
Event: 3.566 GC heap after
Heap after GC invocations=4 (full 0):
 PSYoungGen      total 204800K, used 8168K [0x0000000780780000, 0x000000078d780000, 0x00000007c0000000)
  eden space 196608K, 0% used [0x0000000780780000,0x0000000780780000,0x000000078c780000)
  from space 8192K, 99% used [0x000000078cf80000,0x000000078d77a020,0x000000078d780000)
  to   space 8192K, 0% used [0x000000078c780000,0x000000078c780000,0x000000078cf80000)
 ParOldGen       total 131072K, used 8330K [0x0000000701600000, 0x0000000709600000, 0x0000000780780000)
  object space 131072K, 6% used [0x0000000701600000,0x0000000701e22b28,0x0000000709600000)
 Metaspace       used 20611K, capacity 21120K, committed 21296K, reserved 1069056K
  class space    used 2442K, capacity 2618K, committed 2688K, reserved 1048576K
}
Event: 3.566 GC heap before
{Heap before GC invocations=5 (full 1):
 PSYoungGen      total 204800K, used 8168K [0x0000000780780000, 0x000000078d780000, 0x00000007c0000000)
  eden space 196608K, 0% used [0x0000000780780000,0x0000000780780000,0x000000078c780000)
  from space 8192K, 99% used [0x000000078cf80000,0x000000078d77a020,0x000000078d780000)
  to   space 8192K, 0% used [0x000000078c780000,0x000000078c780000,0x000000078cf80000)
 ParOldGen       total 131072K, used 8330K [0x0000000701600000, 0x0000000709600000, 0x0000000780780000)
  object space 131072K, 6% used [0x0000000701600000,0x0000000701e22b28,0x0000000709600000)
 Metaspace       used 20611K, capacity 21120K, committed 21296K, reserved 1069056K
  class space    used 2442K, capacity 2618K, committed 2688K, reserved 1048576K
Event: 3.648 GC heap after
Heap after GC invocations=5 (full 1):
 PSYoungGen      total 204800K, used 0K [0x0000000780780000, 0x000000078d780000, 0x00000007c0000000)
  eden space 196608K, 0% used [0x0000000780780000,0x0000000780780000,0x000000078c780000)
  from space 8192K, 0% used [0x000000078cf80000,0x000000078cf80000,0x000000078d780000)
  to   space 8192K, 0% used [0x000000078c780000,0x000000078c780000,0x000000078cf80000)
 ParOldGen       total 92672K, used 12383K [0x0000000701600000, 0x0000000707080000, 0x0000000780780000)
  object space 92672K, 13% used [0x0000000701600000,0x0000000702217fe0,0x0000000707080000)
 Metaspace       used 20611K, capacity 21120K, committed 21296K, reserved 1069056K
  class space    used 2442K, capacity 2618K, committed 2688K, reserved 1048576K
}
Event: 5.002 GC heap before
{Heap before GC invocations=6 (full 1):
 PSYoungGen      total 204800K, used 196608K [0x0000000780780000, 0x000000078d780000, 0x00000007c0000000)
  eden space 196608K, 100% used [0x0000000780780000,0x000000078c780000,0x000000078c780000)
  from space 8192K, 0% used [0x000000078cf80000,0x000000078cf80000,0x000000078d780000)
  to   space 8192K, 0% used [0x000000078c780000,0x000000078c780000,0x000000078cf80000)
 ParOldGen       total 92672K, used 12383K [0x0000000701600000, 0x0000000707080000, 0x0000000780780000)
  object space 92672K, 13% used [0x0000000701600000,0x0000000702217fe0,0x0000000707080000)
 Metaspace       used 23662K, capacity 24238K, committed 24448K, reserved 1071104K
  class space    used 2775K, capacity 2931K, committed 2944K, reserved 1048576K
Event: 5.030 GC heap after
Heap after GC invocations=6 (full 1):
 PSYoungGen      total 204800K, used 8171K [0x0000000780780000, 0x0000000795380000, 0x00000007c0000000)
  eden space 196608K, 0% used [0x0000000780780000,0x0000000780780000,0x000000078c780000)
  from space 8192K, 99% used [0x000000078c780000,0x000000078cf7ae18,0x000000078cf80000)
  to   space 25600K, 0% used [0x0000000793a80000,0x0000000793a80000,0x0000000795380000)
 ParOldGen       total 92672K, used 33003K [0x0000000701600000, 0x0000000707080000, 0x0000000780780000)
  object space 92672K, 35% used [0x0000000701600000,0x000000070363af28,0x0000000707080000)
 Metaspace       used 23662K, capacity 24238K, committed 24448K, reserved 1071104K
  class space    used 2775K, capacity 2931K, committed 2944K, reserved 1048576K
}
Event: 5.726 GC heap before
{Heap before GC invocations=7 (full 1):
 PSYoungGen      total 204800K, used 204779K [0x0000000780780000, 0x0000000795380000, 0x00000007c0000000)
  eden space 196608K, 100% used [0x0000000780780000,0x000000078c780000,0x000000078c780000)
  from space 8192K, 99% used [0x000000078c780000,0x000000078cf7ae18,0x000000078cf80000)
  to   space 25600K, 0% used [0x0000000793a80000,0x0000000793a80000,0x0000000795380000)
 ParOldGen       total 92672K, used 33003K [0x0000000701600000, 0x0000000707080000, 0x0000000780780000)
  object space 92672K, 35% used [0x0000000701600000,0x000000070363af28,0x0000000707080000)
 Metaspace       used 23676K, capacity 24270K, committed 24576K, reserved 1071104K
  class space    used 2777K, capacity 2963K, committed 3072K, reserved 1048576K
Event: 5.770 GC heap after
Heap after GC invocations=7 (full 1):
 PSYoungGen      total 303104K, used 25579K [0x0000000780780000, 0x0000000797c80000, 0x00000007c0000000)
  eden space 277504K, 0% used [0x0000000780780000,0x0000000780780000,0x0000000791680000)
  from space 25600K, 99% used [0x0000000793a80000,0x000000079537ae38,0x0000000795380000)
  to   space 36864K, 0% used [0x0000000791680000,0x0000000791680000,0x0000000793a80000)
 ParOldGen       total 92672K, used 43896K [0x0000000701600000, 0x0000000707080000, 0x0000000780780000)
  object space 92672K, 47% used [0x0000000701600000,0x00000007040de020,0x0000000707080000)
 Metaspace       used 23676K, capacity 24270K, committed 24576K, reserved 1071104K
  class space    used 2777K, capacity 2963K, committed 3072K, reserved 1048576K
}

