# JRE version: Java(TM) SE Runtime Environment (8.0_121-b13) (build 1.8.0_121-b13)
# Java VM: Java HotSpot(TM) 64-Bit Server VM (25.121-b13 mixed mode windows-amd64 compressed oops)
Heap:
 PSYoungGen      total 303616K, used 266457K [0x0000000780780000, 0x0000000797100000, 0x00000007c0000000)
  eden space 277504K, 86% used [0x0000000780780000,0x000000078f23b798,0x0000000791680000)
  from space 26112K, 99% used [0x0000000793a00000,0x000000079537af90,0x0000000795380000)
  to   space 36352K, 0% used [0x0000000791680000,0x0000000791680000,0x0000000793a00000)
 ParOldGen       total 93184K, used 42864K [0x0000000701600000, 0x0000000707100000, 0x0000000780780000)
  object space 93184K, 46% used [0x0000000701600000,0x0000000703fdc2a8,0x0000000707100000)
 Metaspace       used 23679K, capacity 24210K, committed 24320K, reserved 1071104K
  class space    used 2777K, capacity 2963K, committed 3072K, reserved 1048576K
GC Heap History (10 events):
Event: 3.010 GC heap before
{Heap before GC invocations=3 (full 0):
 PSYoungGen      total 106496K, used 106469K [0x0000000780780000, 0x0000000787780000, 0x00000007c0000000)
  eden space 98304K, 100% used [0x0000000780780000,0x0000000786780000,0x0000000786780000)
  from space 8192K, 99% used [0x0000000786f80000,0x0000000787779460,0x0000000787780000)
  to   space 8192K, 0% used [0x0000000786780000,0x0000000786780000,0x0000000786f80000)
 ParOldGen       total 131072K, used 1599K [0x0000000701600000, 0x0000000709600000, 0x0000000780780000)
  object space 131072K, 1% used [0x0000000701600000,0x000000070178fdc0,0x0000000709600000)
 Metaspace       used 17678K, capacity 18156K, committed 18432K, reserved 1064960K
  class space    used 2068K, capacity 2226K, committed 2304K, reserved 1048576K
Event: 3.028 GC heap after
Heap after GC invocations=3 (full 0):
 PSYoungGen      total 106496K, used 8184K [0x0000000780780000, 0x000000078d780000, 0x00000007c0000000)
  eden space 98304K, 0% used [0x0000000780780000,0x0000000780780000,0x0000000786780000)
  from space 8192K, 99% used [0x0000000786780000,0x0000000786f7e050,0x0000000786f80000)
  to   space 8192K, 0% used [0x000000078cf80000,0x000000078cf80000,0x000000078d780000)
 ParOldGen       total 131072K, used 6023K [0x0000000701600000, 0x0000000709600000, 0x0000000780780000)
  object space 131072K, 4% used [0x0000000701600000,0x0000000701be1e48,0x0000000709600000)
 Metaspace       used 17678K, capacity 18156K, committed 18432K, reserved 1064960K
  class space    used 2068K, capacity 2226K, committed 2304K, reserved 1048576K
}
Event: 3.511 GC heap before
{Heap before GC invocations=4 (full 0):
 PSYoungGen      total 106496K, used 29835K [0x0000000780780000, 0x000000078d780000, 0x00000007c0000000)
  eden space 98304K, 22% used [0x0000000780780000,0x0000000781ca4d40,0x0000000786780000)
  from space 8192K, 99% used [0x0000000786780000,0x0000000786f7e050,0x0000000786f80000)
  to   space 8192K, 0% used [0x000000078cf80000,0x000000078cf80000,0x000000078d780000)
 ParOldGen       total 131072K, used 6023K [0x0000000701600000, 0x0000000709600000, 0x0000000780780000)
  object space 131072K, 4% used [0x0000000701600000,0x0000000701be1e48,0x0000000709600000)
 Metaspace       used 20683K, capacity 21124K, committed 21296K, reserved 1069056K
  class space    used 2455K, capacity 2618K, committed 2688K, reserved 1048576K
Event: 3.533 GC heap after
Heap after GC invocations=4 (full 0):
 PSYoungGen      total 204800K, used 8168K [0x0000000780780000, 0x000000078d780000, 0x00000007c0000000)
  eden space 196608K, 0% used [0x0000000780780000,0x0000000780780000,0x000000078c780000)
  from space 8192K, 99% used [0x000000078cf80000,0x000000078d77a060,0x000000078d780000)
  to   space 8192K, 0% used [0x000000078c780000,0x000000078c780000,0x000000078cf80000)
 ParOldGen       total 131072K, used 8435K [0x0000000701600000, 0x0000000709600000, 0x0000000780780000)
  object space 131072K, 6% used [0x0000000701600000,0x0000000701e3cf98,0x0000000709600000)
 Metaspace       used 20683K, capacity 21124K, committed 21296K, reserved 1069056K
  class space    used 2455K, capacity 2618K, committed 2688K, reserved 1048576K
}
Event: 3.533 GC heap before
{Heap before GC invocations=5 (full 1):
 PSYoungGen      total 204800K, used 8168K [0x0000000780780000, 0x000000078d780000, 0x00000007c0000000)
  eden space 196608K, 0% used [0x0000000780780000,0x0000000780780000,0x000000078c780000)
  from space 8192K, 99% used [0x000000078cf80000,0x000000078d77a060,0x000000078d780000)
  to   space 8192K, 0% used [0x000000078c780000,0x000000078c780000,0x000000078cf80000)
 ParOldGen       total 131072K, used 8435K [0x0000000701600000, 0x0000000709600000, 0x0000000780780000)
  object space 131072K, 6% used [0x0000000701600000,0x0000000701e3cf98,0x0000000709600000)
 Metaspace       used 20683K, capacity 21124K, committed 21296K, reserved 1069056K
  class space    used 2455K, capacity 2618K, committed 2688K, reserved 1048576K
Event: 3.615 GC heap after
Heap after GC invocations=5 (full 1):
 PSYoungGen      total 204800K, used 0K [0x0000000780780000, 0x000000078d780000, 0x00000007c0000000)
  eden space 196608K, 0% used [0x0000000780780000,0x0000000780780000,0x000000078c780000)
  from space 8192K, 0% used [0x000000078cf80000,0x000000078cf80000,0x000000078d780000)
  to   space 8192K, 0% used [0x000000078c780000,0x000000078c780000,0x000000078cf80000)
 ParOldGen       total 93184K, used 12516K [0x0000000701600000, 0x0000000707100000, 0x0000000780780000)
  object space 93184K, 13% used [0x0000000701600000,0x0000000702239288,0x0000000707100000)
 Metaspace       used 20683K, capacity 21124K, committed 21296K, reserved 1069056K
  class space    used 2455K, capacity 2618K, committed 2688K, reserved 1048576K
}
Event: 4.823 GC heap before
{Heap before GC invocations=6 (full 1):
 PSYoungGen      total 204800K, used 196608K [0x0000000780780000, 0x000000078d780000, 0x00000007c0000000)
  eden space 196608K, 100% used [0x0000000780780000,0x000000078c780000,0x000000078c780000)
  from space 8192K, 0% used [0x000000078cf80000,0x000000078cf80000,0x000000078d780000)
  to   space 8192K, 0% used [0x000000078c780000,0x000000078c780000,0x000000078cf80000)
 ParOldGen       total 93184K, used 12516K [0x0000000701600000, 0x0000000707100000, 0x0000000780780000)
  object space 93184K, 13% used [0x0000000701600000,0x0000000702239288,0x0000000707100000)
 Metaspace       used 23666K, capacity 24178K, committed 24192K, reserved 1071104K
  class space    used 2775K, capacity 2931K, committed 2944K, reserved 1048576K
Event: 4.850 GC heap after
Heap after GC invocations=6 (full 1):
 PSYoungGen      total 204800K, used 8162K [0x0000000780780000, 0x0000000795380000, 0x00000007c0000000)
  eden space 196608K, 0% used [0x0000000780780000,0x0000000780780000,0x000000078c780000)
  from space 8192K, 99% used [0x000000078c780000,0x000000078cf78b70,0x000000078cf80000)
  to   space 26112K, 0% used [0x0000000793a00000,0x0000000793a00000,0x0000000795380000)
 ParOldGen       total 93184K, used 33464K [0x0000000701600000, 0x0000000707100000, 0x0000000780780000)
  object space 93184K, 35% used [0x0000000701600000,0x00000007036ae300,0x0000000707100000)
 Metaspace       used 23666K, capacity 24178K, committed 24192K, reserved 1071104K
  class space    used 2775K, capacity 2931K, committed 2944K, reserved 1048576K
}
Event: 5.514 GC heap before
{Heap before GC invocations=7 (full 1):
 PSYoungGen      total 204800K, used 204770K [0x0000000780780000, 0x0000000795380000, 0x00000007c0000000)
  eden space 196608K, 100% used [0x0000000780780000,0x000000078c780000,0x000000078c780000)
  from space 8192K, 99% used [0x000000078c780000,0x000000078cf78b70,0x000000078cf80000)
  to   space 26112K, 0% used [0x0000000793a00000,0x0000000793a00000,0x0000000795380000)
 ParOldGen       total 93184K, used 33464K [0x0000000701600000, 0x0000000707100000, 0x0000000780780000)
  object space 93184K, 35% used [0x0000000701600000,0x00000007036ae300,0x0000000707100000)
 Metaspace       used 23677K, capacity 24210K, committed 24320K, reserved 1071104K
  class space    used 2777K, capacity 2963K, committed 3072K, reserved 1048576K
Event: 5.540 GC heap after
Heap after GC invocations=7 (full 1):
 PSYoungGen      total 303616K, used 26091K [0x0000000780780000, 0x0000000797100000, 0x00000007c0000000)
  eden space 277504K, 0% used [0x0000000780780000,0x0000000780780000,0x0000000791680000)
  from space 26112K, 99% used [0x0000000793a00000,0x000000079537af90,0x0000000795380000)
  to   space 36352K, 0% used [0x0000000791680000,0x0000000791680000,0x0000000793a00000)
 ParOldGen       total 93184K, used 42864K [0x0000000701600000, 0x0000000707100000, 0x0000000780780000)
  object space 93184K, 46% used [0x0000000701600000,0x0000000703fdc2a8,0x0000000707100000)
 Metaspace       used 23677K, capacity 24210K, committed 24320K, reserved 1071104K
  class space    used 2777K, capacity 2963K, committed 3072K, reserved 1048576K
}

