# JRE version: Java(TM) SE Runtime Environment (8.0_121-b13) (build 1.8.0_121-b13)
# Java VM: Java HotSpot(TM) 64-Bit Server VM (25.121-b13 mixed mode windows-amd64 compressed oops)
Heap:
 PSYoungGen      total 237568K, used 101747K [0x0000000780780000, 0x0000000791500000, 0x00000007c0000000)
  eden space 202240K, 38% used [0x0000000780780000,0x00000007853496b8,0x000000078cd00000)
  from space 35328K, 68% used [0x000000078f080000,0x0000000790813578,0x0000000791300000)
  to   space 36352K, 0% used [0x000000078cd00000,0x000000078cd00000,0x000000078f080000)
 ParOldGen       total 91136K, used 32687K [0x0000000701600000, 0x0000000706f00000, 0x0000000780780000)
  object space 91136K, 35% used [0x0000000701600000,0x00000007035ebea8,0x0000000706f00000)
 Metaspace       used 32592K, capacity 33332K, committed 33664K, reserved 1079296K
  class space    used 3926K, capacity 4180K, committed 4224K, reserved 1048576K
GC Heap History (10 events):
Event: 7.607 GC heap before
{Heap before GC invocations=9 (full 1):
 PSYoungGen      total 82944K, used 82914K [0x0000000780780000, 0x0000000789300000, 0x00000007c0000000)
  eden space 69632K, 100% used [0x0000000780780000,0x0000000784b80000,0x0000000784b80000)
  from space 13312K, 99% used [0x0000000784b80000,0x0000000785878be8,0x0000000785880000)
  to   space 17408K, 0% used [0x0000000788200000,0x0000000788200000,0x0000000789300000)
 ParOldGen       total 91136K, used 14932K [0x0000000701600000, 0x0000000706f00000, 0x0000000780780000)
  object space 91136K, 16% used [0x0000000701600000,0x0000000702495140,0x0000000706f00000)
 Metaspace       used 27756K, capacity 28436K, committed 28672K, reserved 1075200K
  class space    used 3282K, capacity 3530K, committed 3584K, reserved 1048576K
Event: 7.630 GC heap after
Heap after GC invocations=9 (full 1):
 PSYoungGen      total 121856K, used 17401K [0x0000000780780000, 0x0000000789e80000, 0x00000007c0000000)
  eden space 104448K, 0% used [0x0000000780780000,0x0000000780780000,0x0000000786d80000)
  from space 17408K, 99% used [0x0000000788200000,0x00000007892fe480,0x0000000789300000)
  to   space 20992K, 0% used [0x0000000786d80000,0x0000000786d80000,0x0000000788200000)
 ParOldGen       total 91136K, used 18111K [0x0000000701600000, 0x0000000706f00000, 0x0000000780780000)
  object space 91136K, 19% used [0x0000000701600000,0x00000007027afc88,0x0000000706f00000)
 Metaspace       used 27756K, capacity 28436K, committed 28672K, reserved 1075200K
  class space    used 3282K, capacity 3530K, committed 3584K, reserved 1048576K
}
Event: 8.180 GC heap before
{Heap before GC invocations=10 (full 1):
 PSYoungGen      total 121856K, used 121849K [0x0000000780780000, 0x0000000789e80000, 0x00000007c0000000)
  eden space 104448K, 100% used [0x0000000780780000,0x0000000786d80000,0x0000000786d80000)
  from space 17408K, 99% used [0x0000000788200000,0x00000007892fe480,0x0000000789300000)
  to   space 20992K, 0% used [0x0000000786d80000,0x0000000786d80000,0x0000000788200000)
 ParOldGen       total 91136K, used 18111K [0x0000000701600000, 0x0000000706f00000, 0x0000000780780000)
  object space 91136K, 19% used [0x0000000701600000,0x00000007027afc88,0x0000000706f00000)
 Metaspace       used 27762K, capacity 28436K, committed 28672K, reserved 1075200K
  class space    used 3282K, capacity 3530K, committed 3584K, reserved 1048576K
Event: 8.209 GC heap after
Heap after GC invocations=10 (full 1):
 PSYoungGen      total 125440K, used 20971K [0x0000000780780000, 0x000000078c900000, 0x00000007c0000000)
  eden space 104448K, 0% used [0x0000000780780000,0x0000000780780000,0x0000000786d80000)
  from space 20992K, 99% used [0x0000000786d80000,0x00000007881fae50,0x0000000788200000)
  to   space 26624K, 0% used [0x000000078af00000,0x000000078af00000,0x000000078c900000)
 ParOldGen       total 91136K, used 24117K [0x0000000701600000, 0x0000000706f00000, 0x0000000780780000)
  object space 91136K, 26% used [0x0000000701600000,0x0000000702d8d780,0x0000000706f00000)
 Metaspace       used 27762K, capacity 28436K, committed 28672K, reserved 1075200K
  class space    used 3282K, capacity 3530K, committed 3584K, reserved 1048576K
}
Event: 8.627 GC heap before
{Heap before GC invocations=11 (full 1):
 PSYoungGen      total 125440K, used 125419K [0x0000000780780000, 0x000000078c900000, 0x00000007c0000000)
  eden space 104448K, 100% used [0x0000000780780000,0x0000000786d80000,0x0000000786d80000)
  from space 20992K, 99% used [0x0000000786d80000,0x00000007881fae50,0x0000000788200000)
  to   space 26624K, 0% used [0x000000078af00000,0x000000078af00000,0x000000078c900000)
 ParOldGen       total 91136K, used 24117K [0x0000000701600000, 0x0000000706f00000, 0x0000000780780000)
  object space 91136K, 26% used [0x0000000701600000,0x0000000702d8d780,0x0000000706f00000)
 Metaspace       used 27764K, capacity 28436K, committed 28672K, reserved 1075200K
  class space    used 3282K, capacity 3530K, committed 3584K, reserved 1048576K
Event: 8.663 GC heap after
Heap after GC invocations=11 (full 1):
 PSYoungGen      total 166912K, used 26609K [0x0000000780780000, 0x000000078d580000, 0x00000007c0000000)
  eden space 140288K, 0% used [0x0000000780780000,0x0000000780780000,0x0000000789080000)
  from space 26624K, 99% used [0x000000078af00000,0x000000078c8fc650,0x000000078c900000)
  to   space 31232K, 0% used [0x0000000789080000,0x0000000789080000,0x000000078af00000)
 ParOldGen       total 91136K, used 26187K [0x0000000701600000, 0x0000000706f00000, 0x0000000780780000)
  object space 91136K, 28% used [0x0000000701600000,0x0000000702f92f20,0x0000000706f00000)
 Metaspace       used 27764K, capacity 28436K, committed 28672K, reserved 1075200K
  class space    used 3282K, capacity 3530K, committed 3584K, reserved 1048576K
}
Event: 9.135 GC heap before
{Heap before GC invocations=12 (full 1):
 PSYoungGen      total 166912K, used 166897K [0x0000000780780000, 0x000000078d580000, 0x00000007c0000000)
  eden space 140288K, 100% used [0x0000000780780000,0x0000000789080000,0x0000000789080000)
  from space 26624K, 99% used [0x000000078af00000,0x000000078c8fc650,0x000000078c900000)
  to   space 31232K, 0% used [0x0000000789080000,0x0000000789080000,0x000000078af00000)
 ParOldGen       total 91136K, used 26187K [0x0000000701600000, 0x0000000706f00000, 0x0000000780780000)
  object space 91136K, 28% used [0x0000000701600000,0x0000000702f92f20,0x0000000706f00000)
 Metaspace       used 27765K, capacity 28436K, committed 28672K, reserved 1075200K
  class space    used 3282K, capacity 3530K, committed 3584K, reserved 1048576K
Event: 9.188 GC heap after
Heap after GC invocations=12 (full 1):
 PSYoungGen      total 171520K, used 30329K [0x0000000780780000, 0x0000000791300000, 0x00000007c0000000)
  eden space 140288K, 0% used [0x0000000780780000,0x0000000780780000,0x0000000789080000)
  from space 31232K, 97% used [0x0000000789080000,0x000000078ae1e538,0x000000078af00000)
  to   space 35328K, 0% used [0x000000078f080000,0x000000078f080000,0x0000000791300000)
 ParOldGen       total 91136K, used 31452K [0x0000000701600000, 0x0000000706f00000, 0x0000000780780000)
  object space 91136K, 34% used [0x0000000701600000,0x00000007034b7270,0x0000000706f00000)
 Metaspace       used 27765K, capacity 28436K, committed 28672K, reserved 1075200K
  class space    used 3282K, capacity 3530K, committed 3584K, reserved 1048576K
}
Event: 9.650 GC heap before
{Heap before GC invocations=13 (full 1):
 PSYoungGen      total 171520K, used 170617K [0x0000000780780000, 0x0000000791300000, 0x00000007c0000000)
  eden space 140288K, 100% used [0x0000000780780000,0x0000000789080000,0x0000000789080000)
  from space 31232K, 97% used [0x0000000789080000,0x000000078ae1e538,0x000000078af00000)
  to   space 35328K, 0% used [0x000000078f080000,0x000000078f080000,0x0000000791300000)
 ParOldGen       total 91136K, used 31452K [0x0000000701600000, 0x0000000706f00000, 0x0000000780780000)
  object space 91136K, 34% used [0x0000000701600000,0x00000007034b7270,0x0000000706f00000)
 Metaspace       used 28016K, capacity 28732K, committed 28928K, reserved 1075200K
  class space    used 3311K, capacity 3566K, committed 3584K, reserved 1048576K
Event: 9.679 GC heap after
Heap after GC invocations=13 (full 1):
 PSYoungGen      total 237568K, used 24141K [0x0000000780780000, 0x0000000791500000, 0x00000007c0000000)
  eden space 202240K, 0% used [0x0000000780780000,0x0000000780780000,0x000000078cd00000)
  from space 35328K, 68% used [0x000000078f080000,0x0000000790813578,0x0000000791300000)
  to   space 36352K, 0% used [0x000000078cd00000,0x000000078cd00000,0x000000078f080000)
 ParOldGen       total 91136K, used 32687K [0x0000000701600000, 0x0000000706f00000, 0x0000000780780000)
  object space 91136K, 35% used [0x0000000701600000,0x00000007035ebea8,0x0000000706f00000)
 Metaspace       used 28016K, capacity 28732K, committed 28928K, reserved 1075200K
  class space    used 3311K, capacity 3566K, committed 3584K, reserved 1048576K
}

