# JRE version: Java(TM) SE Runtime Environment (8.0_121-b13) (build 1.8.0_121-b13)
# Java VM: Java HotSpot(TM) 64-Bit Server VM (25.121-b13 mixed mode windows-amd64 compressed oops)
Heap:
 PSYoungGen      total 219648K, used 127537K [0x0000000780780000, 0x0000000796300000, 0x00000007c0000000)
  eden space 188928K, 51% used [0x0000000780780000,0x000000078661c168,0x000000078c000000)
  from space 30720K, 99% used [0x000000078c000000,0x000000078ddf0360,0x000000078de00000)
  to   space 35328K, 0% used [0x0000000794080000,0x0000000794080000,0x0000000796300000)
 ParOldGen       total 83968K, used 34001K [0x0000000701600000, 0x0000000706800000, 0x0000000780780000)
  object space 83968K, 40% used [0x0000000701600000,0x0000000703734610,0x0000000706800000)
 Metaspace       used 31905K, capacity 32660K, committed 32768K, reserved 1077248K
  class space    used 3839K, capacity 4084K, committed 4096K, reserved 1048576K
GC Heap History (10 events):
Event: 9.310 GC heap before
{Heap before GC invocations=8 (full 1):
 PSYoungGen      total 91648K, used 86734K [0x0000000780780000, 0x0000000786f80000, 0x00000007c0000000)
  eden space 77824K, 100% used [0x0000000780780000,0x0000000785380000,0x0000000785380000)
  from space 13824K, 64% used [0x0000000786080000,0x00000007869338f8,0x0000000786e00000)
  to   space 13312K, 0% used [0x0000000785380000,0x0000000785380000,0x0000000786080000)
 ParOldGen       total 83968K, used 10820K [0x0000000701600000, 0x0000000706800000, 0x0000000780780000)
  object space 83968K, 12% used [0x0000000701600000,0x00000007020911c8,0x0000000706800000)
 Metaspace       used 27722K, capacity 28420K, committed 28672K, reserved 1075200K
  class space    used 3279K, capacity 3527K, committed 3584K, reserved 1048576K
Event: 9.326 GC heap after
Heap after GC invocations=8 (full 1):
 PSYoungGen      total 91136K, used 13292K [0x0000000780780000, 0x000000078ab00000, 0x00000007c0000000)
  eden space 77824K, 0% used [0x0000000780780000,0x0000000780780000,0x0000000785380000)
  from space 13312K, 99% used [0x0000000785380000,0x000000078607b320,0x0000000786080000)
  to   space 17920K, 0% used [0x0000000789980000,0x0000000789980000,0x000000078ab00000)
 ParOldGen       total 83968K, used 16038K [0x0000000701600000, 0x0000000706800000, 0x0000000780780000)
  object space 83968K, 19% used [0x0000000701600000,0x00000007025a9a08,0x0000000706800000)
 Metaspace       used 27722K, capacity 28420K, committed 28672K, reserved 1075200K
  class space    used 3279K, capacity 3527K, committed 3584K, reserved 1048576K
}
Event: 9.623 GC heap before
{Heap before GC invocations=9 (full 1):
 PSYoungGen      total 91136K, used 91116K [0x0000000780780000, 0x000000078ab00000, 0x00000007c0000000)
  eden space 77824K, 100% used [0x0000000780780000,0x0000000785380000,0x0000000785380000)
  from space 13312K, 99% used [0x0000000785380000,0x000000078607b320,0x0000000786080000)
  to   space 17920K, 0% used [0x0000000789980000,0x0000000789980000,0x000000078ab00000)
 ParOldGen       total 83968K, used 16038K [0x0000000701600000, 0x0000000706800000, 0x0000000780780000)
  object space 83968K, 19% used [0x0000000701600000,0x00000007025a9a08,0x0000000706800000)
 Metaspace       used 27741K, capacity 28420K, committed 28672K, reserved 1075200K
  class space    used 3281K, capacity 3527K, committed 3584K, reserved 1048576K
Event: 9.653 GC heap after
Heap after GC invocations=9 (full 1):
 PSYoungGen      total 145408K, used 17919K [0x0000000780780000, 0x000000078bd00000, 0x00000007c0000000)
  eden space 127488K, 0% used [0x0000000780780000,0x0000000780780000,0x0000000788400000)
  from space 17920K, 99% used [0x0000000789980000,0x000000078aafff00,0x000000078ab00000)
  to   space 22016K, 0% used [0x0000000788400000,0x0000000788400000,0x0000000789980000)
 ParOldGen       total 83968K, used 19039K [0x0000000701600000, 0x0000000706800000, 0x0000000780780000)
  object space 83968K, 22% used [0x0000000701600000,0x0000000702897d38,0x0000000706800000)
 Metaspace       used 27741K, capacity 28420K, committed 28672K, reserved 1075200K
  class space    used 3281K, capacity 3527K, committed 3584K, reserved 1048576K
}
Event: 10.146 GC heap before
{Heap before GC invocations=10 (full 1):
 PSYoungGen      total 145408K, used 145407K [0x0000000780780000, 0x000000078bd00000, 0x00000007c0000000)
  eden space 127488K, 100% used [0x0000000780780000,0x0000000788400000,0x0000000788400000)
  from space 17920K, 99% used [0x0000000789980000,0x000000078aafff00,0x000000078ab00000)
  to   space 22016K, 0% used [0x0000000788400000,0x0000000788400000,0x0000000789980000)
 ParOldGen       total 83968K, used 19039K [0x0000000701600000, 0x0000000706800000, 0x0000000780780000)
  object space 83968K, 22% used [0x0000000701600000,0x0000000702897d38,0x0000000706800000)
 Metaspace       used 27744K, capacity 28420K, committed 28672K, reserved 1075200K
  class space    used 3281K, capacity 3527K, committed 3584K, reserved 1048576K
Event: 10.170 GC heap after
Heap after GC invocations=10 (full 1):
 PSYoungGen      total 149504K, used 21999K [0x0000000780780000, 0x000000078f980000, 0x00000007c0000000)
  eden space 127488K, 0% used [0x0000000780780000,0x0000000780780000,0x0000000788400000)
  from space 22016K, 99% used [0x0000000788400000,0x000000078997beb8,0x0000000789980000)
  to   space 28160K, 0% used [0x000000078de00000,0x000000078de00000,0x000000078f980000)
 ParOldGen       total 83968K, used 26511K [0x0000000701600000, 0x0000000706800000, 0x0000000780780000)
  object space 83968K, 31% used [0x0000000701600000,0x0000000702fe3fd0,0x0000000706800000)
 Metaspace       used 27744K, capacity 28420K, committed 28672K, reserved 1075200K
  class space    used 3281K, capacity 3527K, committed 3584K, reserved 1048576K
}
Event: 10.769 GC heap before
{Heap before GC invocations=11 (full 1):
 PSYoungGen      total 149504K, used 149487K [0x0000000780780000, 0x000000078f980000, 0x00000007c0000000)
  eden space 127488K, 100% used [0x0000000780780000,0x0000000788400000,0x0000000788400000)
  from space 22016K, 99% used [0x0000000788400000,0x000000078997beb8,0x0000000789980000)
  to   space 28160K, 0% used [0x000000078de00000,0x000000078de00000,0x000000078f980000)
 ParOldGen       total 83968K, used 26511K [0x0000000701600000, 0x0000000706800000, 0x0000000780780000)
  object space 83968K, 31% used [0x0000000701600000,0x0000000702fe3fd0,0x0000000706800000)
 Metaspace       used 27746K, capacity 28420K, committed 28672K, reserved 1075200K
  class space    used 3281K, capacity 3527K, committed 3584K, reserved 1048576K
Event: 10.797 GC heap after
Heap after GC invocations=11 (full 1):
 PSYoungGen      total 217088K, used 24169K [0x0000000780780000, 0x000000078fe80000, 0x00000007c0000000)
  eden space 188928K, 0% used [0x0000000780780000,0x0000000780780000,0x000000078c000000)
  from space 28160K, 85% used [0x000000078de00000,0x000000078f59a5f8,0x000000078f980000)
  to   space 30720K, 0% used [0x000000078c000000,0x000000078c000000,0x000000078de00000)
 ParOldGen       total 83968K, used 29266K [0x0000000701600000, 0x0000000706800000, 0x0000000780780000)
  object space 83968K, 34% used [0x0000000701600000,0x0000000703294a98,0x0000000706800000)
 Metaspace       used 27746K, capacity 28420K, committed 28672K, reserved 1075200K
  class space    used 3281K, capacity 3527K, committed 3584K, reserved 1048576K
}
Event: 11.389 GC heap before
{Heap before GC invocations=12 (full 1):
 PSYoungGen      total 217088K, used 213097K [0x0000000780780000, 0x000000078fe80000, 0x00000007c0000000)
  eden space 188928K, 100% used [0x0000000780780000,0x000000078c000000,0x000000078c000000)
  from space 28160K, 85% used [0x000000078de00000,0x000000078f59a5f8,0x000000078f980000)
  to   space 30720K, 0% used [0x000000078c000000,0x000000078c000000,0x000000078de00000)
 ParOldGen       total 83968K, used 29266K [0x0000000701600000, 0x0000000706800000, 0x0000000780780000)
  object space 83968K, 34% used [0x0000000701600000,0x0000000703294a98,0x0000000706800000)
 Metaspace       used 27763K, capacity 28430K, committed 28672K, reserved 1075200K
  class space    used 3283K, capacity 3529K, committed 3584K, reserved 1048576K
Event: 11.425 GC heap after
Heap after GC invocations=12 (full 1):
 PSYoungGen      total 219648K, used 30656K [0x0000000780780000, 0x0000000796300000, 0x00000007c0000000)
  eden space 188928K, 0% used [0x0000000780780000,0x0000000780780000,0x000000078c000000)
  from space 30720K, 99% used [0x000000078c000000,0x000000078ddf0360,0x000000078de00000)
  to   space 35328K, 0% used [0x0000000794080000,0x0000000794080000,0x0000000796300000)
 ParOldGen       total 83968K, used 34001K [0x0000000701600000, 0x0000000706800000, 0x0000000780780000)
  object space 83968K, 40% used [0x0000000701600000,0x0000000703734610,0x0000000706800000)
 Metaspace       used 27763K, capacity 28430K, committed 28672K, reserved 1075200K
  class space    used 3283K, capacity 3529K, committed 3584K, reserved 1048576K
}

