# JRE version: Java(TM) SE Runtime Environment (8.0_121-b13) (build 1.8.0_121-b13)
# Java VM: Java HotSpot(TM) 64-Bit Server VM (25.121-b13 mixed mode windows-amd64 compressed oops)
Heap:
 PSYoungGen      total 158208K, used 18426K [0x0000000780780000, 0x0000000791800000, 0x00000007c0000000)
  eden space 139776K, 0% used [0x0000000780780000,0x0000000780780000,0x0000000789000000)
  from space 18432K, 99% used [0x0000000789000000,0x000000078a1fe8d0,0x000000078a200000)
  to   space 26624K, 0% used [0x000000078fe00000,0x000000078fe00000,0x0000000791800000)
 ParOldGen       total 88576K, used 55908K [0x0000000701600000, 0x0000000706c80000, 0x0000000780780000)
  object space 88576K, 63% used [0x0000000701600000,0x0000000704c993c0,0x0000000706c80000)
 Metaspace       used 27733K, capacity 28500K, committed 28672K, reserved 1075200K
  class space    used 3283K, capacity 3530K, committed 3584K, reserved 1048576K
GC Heap History (10 events):
Event: 5.639 GC heap after
Heap after GC invocations=6 (full 1):
 PSYoungGen      total 106496K, used 8164K [0x0000000780780000, 0x000000078ae00000, 0x00000007c0000000)
  eden space 98304K, 0% used [0x0000000780780000,0x0000000780780000,0x0000000786780000)
  from space 8192K, 99% used [0x0000000786780000,0x0000000786f79258,0x0000000786f80000)
  to   space 12288K, 0% used [0x000000078a200000,0x000000078a200000,0x000000078ae00000)
 ParOldGen       total 88576K, used 12224K [0x0000000701600000, 0x0000000706c80000, 0x0000000780780000)
  object space 88576K, 13% used [0x0000000701600000,0x00000007021f0348,0x0000000706c80000)
 Metaspace       used 27130K, capacity 27908K, committed 28160K, reserved 1073152K
  class space    used 3215K, capacity 3462K, committed 3584K, reserved 1048576K
}
Event: 6.190 GC heap before
{Heap before GC invocations=7 (full 1):
 PSYoungGen      total 106496K, used 106468K [0x0000000780780000, 0x000000078ae00000, 0x00000007c0000000)
  eden space 98304K, 100% used [0x0000000780780000,0x0000000786780000,0x0000000786780000)
  from space 8192K, 99% used [0x0000000786780000,0x0000000786f79258,0x0000000786f80000)
  to   space 12288K, 0% used [0x000000078a200000,0x000000078a200000,0x000000078ae00000)
 ParOldGen       total 88576K, used 12224K [0x0000000701600000, 0x0000000706c80000, 0x0000000780780000)
  object space 88576K, 13% used [0x0000000701600000,0x00000007021f0348,0x0000000706c80000)
 Metaspace       used 27676K, capacity 28426K, committed 28672K, reserved 1075200K
  class space    used 3277K, capacity 3528K, committed 3584K, reserved 1048576K
Event: 6.211 GC heap after
Heap after GC invocations=7 (full 1):
 PSYoungGen      total 152064K, used 12269K [0x0000000780780000, 0x000000078c080000, 0x00000007c0000000)
  eden space 139776K, 0% used [0x0000000780780000,0x0000000780780000,0x0000000789000000)
  from space 12288K, 99% used [0x000000078a200000,0x000000078adfb448,0x000000078ae00000)
  to   space 18432K, 0% used [0x0000000789000000,0x0000000789000000,0x000000078a200000)
 ParOldGen       total 88576K, used 21001K [0x0000000701600000, 0x0000000706c80000, 0x0000000780780000)
  object space 88576K, 23% used [0x0000000701600000,0x0000000702a82770,0x0000000706c80000)
 Metaspace       used 27676K, capacity 28426K, committed 28672K, reserved 1075200K
  class space    used 3277K, capacity 3528K, committed 3584K, reserved 1048576K
}
Event: 6.684 GC heap before
{Heap before GC invocations=8 (full 1):
 PSYoungGen      total 152064K, used 152045K [0x0000000780780000, 0x000000078c080000, 0x00000007c0000000)
  eden space 139776K, 100% used [0x0000000780780000,0x0000000789000000,0x0000000789000000)
  from space 12288K, 99% used [0x000000078a200000,0x000000078adfb448,0x000000078ae00000)
  to   space 18432K, 0% used [0x0000000789000000,0x0000000789000000,0x000000078a200000)
 ParOldGen       total 88576K, used 21001K [0x0000000701600000, 0x0000000706c80000, 0x0000000780780000)
  object space 88576K, 23% used [0x0000000701600000,0x0000000702a82770,0x0000000706c80000)
 Metaspace       used 27716K, capacity 28436K, committed 28672K, reserved 1075200K
  class space    used 3281K, capacity 3530K, committed 3584K, reserved 1048576K
Event: 6.707 GC heap after
Heap after GC invocations=8 (full 1):
 PSYoungGen      total 158208K, used 18414K [0x0000000780780000, 0x0000000791800000, 0x00000007c0000000)
  eden space 139776K, 0% used [0x0000000780780000,0x0000000780780000,0x0000000789000000)
  from space 18432K, 99% used [0x0000000789000000,0x000000078a1fb8d0,0x000000078a200000)
  to   space 26624K, 0% used [0x000000078fe00000,0x000000078fe00000,0x0000000791800000)
 ParOldGen       total 88576K, used 32351K [0x0000000701600000, 0x0000000706c80000, 0x0000000780780000)
  object space 88576K, 36% used [0x0000000701600000,0x0000000703597f48,0x0000000706c80000)
 Metaspace       used 27716K, capacity 28436K, committed 28672K, reserved 1075200K
  class space    used 3281K, capacity 3530K, committed 3584K, reserved 1048576K
}
Event: 7.179 GC heap before
{Heap before GC invocations=9 (full 1):
 PSYoungGen      total 158208K, used 158190K [0x0000000780780000, 0x0000000791800000, 0x00000007c0000000)
  eden space 139776K, 100% used [0x0000000780780000,0x0000000789000000,0x0000000789000000)
  from space 18432K, 99% used [0x0000000789000000,0x000000078a1fb8d0,0x000000078a200000)
  to   space 26624K, 0% used [0x000000078fe00000,0x000000078fe00000,0x0000000791800000)
 ParOldGen       total 88576K, used 32351K [0x0000000701600000, 0x0000000706c80000, 0x0000000780780000)
  object space 88576K, 36% used [0x0000000701600000,0x0000000703597f48,0x0000000706c80000)
 Metaspace       used 27718K, capacity 28436K, committed 28672K, reserved 1075200K
  class space    used 3281K, capacity 3530K, committed 3584K, reserved 1048576K
Event: 7.222 GC heap after
Heap after GC invocations=9 (full 1):
 PSYoungGen      total 166400K, used 26615K [0x0000000780780000, 0x0000000791800000, 0x00000007c0000000)
  eden space 139776K, 0% used [0x0000000780780000,0x0000000780780000,0x0000000789000000)
  from space 26624K, 99% used [0x000000078fe00000,0x00000007917fdee8,0x0000000791800000)
  to   space 18432K, 0% used [0x0000000789000000,0x0000000789000000,0x000000078a200000)
 ParOldGen       total 88576K, used 39607K [0x0000000701600000, 0x0000000706c80000, 0x0000000780780000)
  object space 88576K, 44% used [0x0000000701600000,0x0000000703cadf28,0x0000000706c80000)
 Metaspace       used 27718K, capacity 28436K, committed 28672K, reserved 1075200K
  class space    used 3281K, capacity 3530K, committed 3584K, reserved 1048576K
}
Event: 7.599 GC heap before
{Heap before GC invocations=10 (full 1):
 PSYoungGen      total 166400K, used 155556K [0x0000000780780000, 0x0000000791800000, 0x00000007c0000000)
  eden space 139776K, 92% used [0x0000000780780000,0x000000078856b208,0x0000000789000000)
  from space 26624K, 99% used [0x000000078fe00000,0x00000007917fdee8,0x0000000791800000)
  to   space 18432K, 0% used [0x0000000789000000,0x0000000789000000,0x000000078a200000)
 ParOldGen       total 88576K, used 39607K [0x0000000701600000, 0x0000000706c80000, 0x0000000780780000)
  object space 88576K, 44% used [0x0000000701600000,0x0000000703cadf28,0x0000000706c80000)
 Metaspace       used 27733K, capacity 28500K, committed 28672K, reserved 1075200K
  class space    used 3283K, capacity 3530K, committed 3584K, reserved 1048576K
Event: 7.635 GC heap after
Heap after GC invocations=10 (full 1):
 PSYoungGen      total 158208K, used 18426K [0x0000000780780000, 0x0000000791800000, 0x00000007c0000000)
  eden space 139776K, 0% used [0x0000000780780000,0x0000000780780000,0x0000000789000000)
  from space 18432K, 99% used [0x0000000789000000,0x000000078a1fe8d0,0x000000078a200000)
  to   space 26624K, 0% used [0x000000078fe00000,0x000000078fe00000,0x0000000791800000)
 ParOldGen       total 88576K, used 55908K [0x0000000701600000, 0x0000000706c80000, 0x0000000780780000)
  object space 88576K, 63% used [0x0000000701600000,0x0000000704c993c0,0x0000000706c80000)
 Metaspace       used 27733K, capacity 28500K, committed 28672K, reserved 1075200K
  class space    used 3283K, capacity 3530K, committed 3584K, reserved 1048576K
}
Event: 7.635 GC heap before
{Heap before GC invocations=11 (full 2):
 PSYoungGen      total 158208K, used 18426K [0x0000000780780000, 0x0000000791800000, 0x00000007c0000000)
  eden space 139776K, 0% used [0x0000000780780000,0x0000000780780000,0x0000000789000000)
  from space 18432K, 99% used [0x0000000789000000,0x000000078a1fe8d0,0x000000078a200000)
  to   space 26624K, 0% used [0x000000078fe00000,0x000000078fe00000,0x0000000791800000)
 ParOldGen       total 88576K, used 55908K [0x0000000701600000, 0x0000000706c80000, 0x0000000780780000)
  object space 88576K, 63% used [0x0000000701600000,0x0000000704c993c0,0x0000000706c80000)
 Metaspace       used 27733K, capacity 28500K, committed 28672K, reserved 1075200K
  class space    used 3283K, capacity 3530K, committed 3584K, reserved 1048576K

