# JRE version: Java(TM) SE Runtime Environment (8.0_121-b13) (build 1.8.0_121-b13)
# Java VM: Java HotSpot(TM) 64-Bit Server VM (25.121-b13 mixed mode windows-amd64 compressed oops)
Heap:
 PSYoungGen      total 136192K, used 24457K [0x0000000780780000, 0x0000000790f00000, 0x00000007c0000000)
  eden space 123904K, 9% used [0x0000000780780000,0x0000000781362dc0,0x0000000788080000)
  from space 12288K, 99% used [0x000000078a580000,0x000000078b17f888,0x000000078b180000)
  to   space 37888K, 0% used [0x0000000788080000,0x0000000788080000,0x000000078a580000)
 ParOldGen       total 87040K, used 54733K [0x0000000701600000, 0x0000000706b00000, 0x0000000780780000)
  object space 87040K, 62% used [0x0000000701600000,0x0000000704b736d8,0x0000000706b00000)
 Metaspace       used 31908K, capacity 32600K, committed 32768K, reserved 1077248K
  class space    used 3837K, capacity 4084K, committed 4096K, reserved 1048576K
GC Heap History (10 events):
Event: 7.272 GC heap before
{Heap before GC invocations=8 (full 1):
 PSYoungGen      total 155648K, used 155621K [0x0000000780780000, 0x000000078c480000, 0x00000007c0000000)
  eden space 143360K, 100% used [0x0000000780780000,0x0000000789380000,0x0000000789380000)
  from space 12288K, 99% used [0x000000078a580000,0x000000078b179430,0x000000078b180000)
  to   space 18432K, 0% used [0x0000000789380000,0x0000000789380000,0x000000078a580000)
 ParOldGen       total 87040K, used 20958K [0x0000000701600000, 0x0000000706b00000, 0x0000000780780000)
  object space 87040K, 24% used [0x0000000701600000,0x0000000702a77ab0,0x0000000706b00000)
 Metaspace       used 27782K, capacity 28408K, committed 28672K, reserved 1075200K
  class space    used 3278K, capacity 3498K, committed 3584K, reserved 1048576K
Event: 7.299 GC heap after
Heap after GC invocations=8 (full 1):
 PSYoungGen      total 161792K, used 18428K [0x0000000780780000, 0x000000078c480000, 0x00000007c0000000)
  eden space 143360K, 0% used [0x0000000780780000,0x0000000780780000,0x0000000789380000)
  from space 18432K, 99% used [0x0000000789380000,0x000000078a57f240,0x000000078a580000)
  to   space 12288K, 0% used [0x000000078a580000,0x000000078a580000,0x000000078b180000)
 ParOldGen       total 87040K, used 33634K [0x0000000701600000, 0x0000000706b00000, 0x0000000780780000)
  object space 87040K, 38% used [0x0000000701600000,0x00000007036d8b68,0x0000000706b00000)
 Metaspace       used 27782K, capacity 28408K, committed 28672K, reserved 1075200K
  class space    used 3278K, capacity 3498K, committed 3584K, reserved 1048576K
}
Event: 7.823 GC heap before
{Heap before GC invocations=9 (full 1):
 PSYoungGen      total 161792K, used 161788K [0x0000000780780000, 0x000000078c480000, 0x00000007c0000000)
  eden space 143360K, 100% used [0x0000000780780000,0x0000000789380000,0x0000000789380000)
  from space 18432K, 99% used [0x0000000789380000,0x000000078a57f240,0x000000078a580000)
  to   space 12288K, 0% used [0x000000078a580000,0x000000078a580000,0x000000078b180000)
 ParOldGen       total 87040K, used 33634K [0x0000000701600000, 0x0000000706b00000, 0x0000000780780000)
  object space 87040K, 38% used [0x0000000701600000,0x00000007036d8b68,0x0000000706b00000)
 Metaspace       used 27784K, capacity 28408K, committed 28672K, reserved 1075200K
  class space    used 3278K, capacity 3498K, committed 3584K, reserved 1048576K
Event: 7.854 GC heap after
Heap after GC invocations=9 (full 1):
 PSYoungGen      total 155648K, used 12269K [0x0000000780780000, 0x000000078c480000, 0x00000007c0000000)
  eden space 143360K, 0% used [0x0000000780780000,0x0000000780780000,0x0000000789380000)
  from space 12288K, 99% used [0x000000078a580000,0x000000078b17b668,0x000000078b180000)
  to   space 18432K, 0% used [0x0000000789380000,0x0000000789380000,0x000000078a580000)
 ParOldGen       total 87040K, used 56296K [0x0000000701600000, 0x0000000706b00000, 0x0000000780780000)
  object space 87040K, 64% used [0x0000000701600000,0x0000000704cfa230,0x0000000706b00000)
 Metaspace       used 27784K, capacity 28408K, committed 28672K, reserved 1075200K
  class space    used 3278K, capacity 3498K, committed 3584K, reserved 1048576K
}
Event: 8.634 GC heap before
{Heap before GC invocations=10 (full 1):
 PSYoungGen      total 155648K, used 155629K [0x0000000780780000, 0x000000078c480000, 0x00000007c0000000)
  eden space 143360K, 100% used [0x0000000780780000,0x0000000789380000,0x0000000789380000)
  from space 12288K, 99% used [0x000000078a580000,0x000000078b17b668,0x000000078b180000)
  to   space 18432K, 0% used [0x0000000789380000,0x0000000789380000,0x000000078a580000)
 ParOldGen       total 87040K, used 56296K [0x0000000701600000, 0x0000000706b00000, 0x0000000780780000)
  object space 87040K, 64% used [0x0000000701600000,0x0000000704cfa230,0x0000000706b00000)
 Metaspace       used 27786K, capacity 28408K, committed 28672K, reserved 1075200K
  class space    used 3278K, capacity 3498K, committed 3584K, reserved 1048576K
Event: 8.679 GC heap after
Heap after GC invocations=10 (full 1):
 PSYoungGen      total 161792K, used 18430K [0x0000000780780000, 0x000000078c480000, 0x00000007c0000000)
  eden space 143360K, 0% used [0x0000000780780000,0x0000000780780000,0x0000000789380000)
  from space 18432K, 99% used [0x0000000789380000,0x000000078a57f938,0x000000078a580000)
  to   space 12288K, 0% used [0x000000078a580000,0x000000078a580000,0x000000078b180000)
 ParOldGen       total 87040K, used 70536K [0x0000000701600000, 0x0000000706b00000, 0x0000000780780000)
  object space 87040K, 81% used [0x0000000701600000,0x0000000705ae2110,0x0000000706b00000)
 Metaspace       used 27786K, capacity 28408K, committed 28672K, reserved 1075200K
  class space    used 3278K, capacity 3498K, committed 3584K, reserved 1048576K
}
Event: 8.679 GC heap before
{Heap before GC invocations=11 (full 2):
 PSYoungGen      total 161792K, used 18430K [0x0000000780780000, 0x000000078c480000, 0x00000007c0000000)
  eden space 143360K, 0% used [0x0000000780780000,0x0000000780780000,0x0000000789380000)
  from space 18432K, 99% used [0x0000000789380000,0x000000078a57f938,0x000000078a580000)
  to   space 12288K, 0% used [0x000000078a580000,0x000000078a580000,0x000000078b180000)
 ParOldGen       total 87040K, used 70536K [0x0000000701600000, 0x0000000706b00000, 0x0000000780780000)
  object space 87040K, 81% used [0x0000000701600000,0x0000000705ae2110,0x0000000706b00000)
 Metaspace       used 27786K, capacity 28408K, committed 28672K, reserved 1075200K
  class space    used 3278K, capacity 3498K, committed 3584K, reserved 1048576K
Event: 8.801 GC heap after
Heap after GC invocations=11 (full 2):
 PSYoungGen      total 161792K, used 0K [0x0000000780780000, 0x000000078c480000, 0x00000007c0000000)
  eden space 143360K, 0% used [0x0000000780780000,0x0000000780780000,0x0000000789380000)
  from space 18432K, 0% used [0x0000000789380000,0x0000000789380000,0x000000078a580000)
  to   space 12288K, 0% used [0x000000078a580000,0x000000078a580000,0x000000078b180000)
 ParOldGen       total 87040K, used 47007K [0x0000000701600000, 0x0000000706b00000, 0x0000000780780000)
  object space 87040K, 54% used [0x0000000701600000,0x00000007043e7c20,0x0000000706b00000)
 Metaspace       used 27786K, capacity 28408K, committed 28672K, reserved 1075200K
  class space    used 3278K, capacity 3498K, committed 3584K, reserved 1048576K
}
Event: 19.019 GC heap before
{Heap before GC invocations=12 (full 2):
 PSYoungGen      total 161792K, used 143179K [0x0000000780780000, 0x000000078c480000, 0x00000007c0000000)
  eden space 143360K, 99% used [0x0000000780780000,0x0000000789352c30,0x0000000789380000)
  from space 18432K, 0% used [0x0000000789380000,0x0000000789380000,0x000000078a580000)
  to   space 12288K, 0% used [0x000000078a580000,0x000000078a580000,0x000000078b180000)
 ParOldGen       total 87040K, used 47007K [0x0000000701600000, 0x0000000706b00000, 0x0000000780780000)
  object space 87040K, 54% used [0x0000000701600000,0x00000007043e7c20,0x0000000706b00000)
 Metaspace       used 30712K, capacity 31352K, committed 31616K, reserved 1077248K
  class space    used 3680K, capacity 3924K, committed 3968K, reserved 1048576K
Event: 19.034 GC heap after
Heap after GC invocations=12 (full 2):
 PSYoungGen      total 136192K, used 12286K [0x0000000780780000, 0x0000000790f00000, 0x00000007c0000000)
  eden space 123904K, 0% used [0x0000000780780000,0x0000000780780000,0x0000000788080000)
  from space 12288K, 99% used [0x000000078a580000,0x000000078b17f888,0x000000078b180000)
  to   space 37888K, 0% used [0x0000000788080000,0x0000000788080000,0x000000078a580000)
 ParOldGen       total 87040K, used 54733K [0x0000000701600000, 0x0000000706b00000, 0x0000000780780000)
  object space 87040K, 62% used [0x0000000701600000,0x0000000704b736d8,0x0000000706b00000)
 Metaspace       used 30712K, capacity 31352K, committed 31616K, reserved 1077248K
  class space    used 3680K, capacity 3924K, committed 3968K, reserved 1048576K
}

