# JRE version: Java(TM) SE Runtime Environment (8.0_121-b13) (build 1.8.0_121-b13)
# Java VM: Java HotSpot(TM) 64-Bit Server VM (25.121-b13 mixed mode windows-amd64 compressed oops)
Heap:
 PSYoungGen      total 199168K, used 160815K [0x0000000780780000, 0x0000000794200000, 0x00000007c0000000)
  eden space 168960K, 77% used [0x0000000780780000,0x00000007887dbaf8,0x000000078ac80000)
  from space 30208K, 97% used [0x000000078ac80000,0x000000078c930190,0x000000078ca00000)
  to   space 34304K, 0% used [0x0000000792080000,0x0000000792080000,0x0000000794200000)
 ParOldGen       total 86528K, used 34867K [0x0000000701600000, 0x0000000706a80000, 0x0000000780780000)
  object space 86528K, 40% used [0x0000000701600000,0x000000070380cc58,0x0000000706a80000)
 Metaspace       used 31952K, capacity 32664K, committed 33024K, reserved 1079296K
  class space    used 3833K, capacity 4084K, committed 4096K, reserved 1048576K
GC Heap History (10 events):
Event: 6.383 GC heap before
{Heap before GC invocations=8 (full 1):
 PSYoungGen      total 88064K, used 82942K [0x0000000780780000, 0x0000000786c00000, 0x00000007c0000000)
  eden space 74240K, 100% used [0x0000000780780000,0x0000000785000000,0x0000000785000000)
  from space 13824K, 62% used [0x0000000785d00000,0x000000078657fb00,0x0000000786a80000)
  to   space 13312K, 0% used [0x0000000785000000,0x0000000785000000,0x0000000785d00000)
 ParOldGen       total 86528K, used 10691K [0x0000000701600000, 0x0000000706a80000, 0x0000000780780000)
  object space 86528K, 12% used [0x0000000701600000,0x0000000702070da0,0x0000000706a80000)
 Metaspace       used 27755K, capacity 28398K, committed 28672K, reserved 1075200K
  class space    used 3276K, capacity 3496K, committed 3584K, reserved 1048576K
Event: 6.401 GC heap after
Heap after GC invocations=8 (full 1):
 PSYoungGen      total 87552K, used 13280K [0x0000000780780000, 0x0000000789f00000, 0x00000007c0000000)
  eden space 74240K, 0% used [0x0000000780780000,0x0000000780780000,0x0000000785000000)
  from space 13312K, 99% used [0x0000000785000000,0x0000000785cf8110,0x0000000785d00000)
  to   space 17408K, 0% used [0x0000000788e00000,0x0000000788e00000,0x0000000789f00000)
 ParOldGen       total 86528K, used 15894K [0x0000000701600000, 0x0000000706a80000, 0x0000000780780000)
  object space 86528K, 18% used [0x0000000701600000,0x0000000702585808,0x0000000706a80000)
 Metaspace       used 27755K, capacity 28398K, committed 28672K, reserved 1075200K
  class space    used 3276K, capacity 3496K, committed 3584K, reserved 1048576K
}
Event: 6.696 GC heap before
{Heap before GC invocations=9 (full 1):
 PSYoungGen      total 87552K, used 87520K [0x0000000780780000, 0x0000000789f00000, 0x00000007c0000000)
  eden space 74240K, 100% used [0x0000000780780000,0x0000000785000000,0x0000000785000000)
  from space 13312K, 99% used [0x0000000785000000,0x0000000785cf8110,0x0000000785d00000)
  to   space 17408K, 0% used [0x0000000788e00000,0x0000000788e00000,0x0000000789f00000)
 ParOldGen       total 86528K, used 15894K [0x0000000701600000, 0x0000000706a80000, 0x0000000780780000)
  object space 86528K, 18% used [0x0000000701600000,0x0000000702585808,0x0000000706a80000)
 Metaspace       used 27757K, capacity 28398K, committed 28672K, reserved 1075200K
  class space    used 3276K, capacity 3496K, committed 3584K, reserved 1048576K
Event: 6.718 GC heap after
Heap after GC invocations=9 (full 1):
 PSYoungGen      total 133632K, used 17401K [0x0000000780780000, 0x000000078af00000, 0x00000007c0000000)
  eden space 116224K, 0% used [0x0000000780780000,0x0000000780780000,0x0000000787900000)
  from space 17408K, 99% used [0x0000000788e00000,0x0000000789efe580,0x0000000789f00000)
  to   space 21504K, 0% used [0x0000000787900000,0x0000000787900000,0x0000000788e00000)
 ParOldGen       total 86528K, used 19488K [0x0000000701600000, 0x0000000706a80000, 0x0000000780780000)
  object space 86528K, 22% used [0x0000000701600000,0x0000000702908398,0x0000000706a80000)
 Metaspace       used 27757K, capacity 28398K, committed 28672K, reserved 1075200K
  class space    used 3276K, capacity 3496K, committed 3584K, reserved 1048576K
}
Event: 7.092 GC heap before
{Heap before GC invocations=10 (full 1):
 PSYoungGen      total 133632K, used 133625K [0x0000000780780000, 0x000000078af00000, 0x00000007c0000000)
  eden space 116224K, 100% used [0x0000000780780000,0x0000000787900000,0x0000000787900000)
  from space 17408K, 99% used [0x0000000788e00000,0x0000000789efe580,0x0000000789f00000)
  to   space 21504K, 0% used [0x0000000787900000,0x0000000787900000,0x0000000788e00000)
 ParOldGen       total 86528K, used 19488K [0x0000000701600000, 0x0000000706a80000, 0x0000000780780000)
  object space 86528K, 22% used [0x0000000701600000,0x0000000702908398,0x0000000706a80000)
 Metaspace       used 27792K, capacity 28504K, committed 28672K, reserved 1075200K
  class space    used 3281K, capacity 3530K, committed 3584K, reserved 1048576K
Event: 7.122 GC heap after
Heap after GC invocations=10 (full 1):
 PSYoungGen      total 137728K, used 21488K [0x0000000780780000, 0x000000078e500000, 0x00000007c0000000)
  eden space 116224K, 0% used [0x0000000780780000,0x0000000780780000,0x0000000787900000)
  from space 21504K, 99% used [0x0000000787900000,0x0000000788dfc390,0x0000000788e00000)
  to   space 27648K, 0% used [0x000000078ca00000,0x000000078ca00000,0x000000078e500000)
 ParOldGen       total 86528K, used 26431K [0x0000000701600000, 0x0000000706a80000, 0x0000000780780000)
  object space 86528K, 30% used [0x0000000701600000,0x0000000702fcfd80,0x0000000706a80000)
 Metaspace       used 27792K, capacity 28504K, committed 28672K, reserved 1075200K
  class space    used 3281K, capacity 3530K, committed 3584K, reserved 1048576K
}
Event: 7.489 GC heap before
{Heap before GC invocations=11 (full 1):
 PSYoungGen      total 137728K, used 137712K [0x0000000780780000, 0x000000078e500000, 0x00000007c0000000)
  eden space 116224K, 100% used [0x0000000780780000,0x0000000787900000,0x0000000787900000)
  from space 21504K, 99% used [0x0000000787900000,0x0000000788dfc390,0x0000000788e00000)
  to   space 27648K, 0% used [0x000000078ca00000,0x000000078ca00000,0x000000078e500000)
 ParOldGen       total 86528K, used 26431K [0x0000000701600000, 0x0000000706a80000, 0x0000000780780000)
  object space 86528K, 30% used [0x0000000701600000,0x0000000702fcfd80,0x0000000706a80000)
 Metaspace       used 27792K, capacity 28504K, committed 28672K, reserved 1075200K
  class space    used 3281K, capacity 3530K, committed 3584K, reserved 1048576K
Event: 7.526 GC heap after
Heap after GC invocations=11 (full 1):
 PSYoungGen      total 196608K, used 23484K [0x0000000780780000, 0x000000078ec80000, 0x00000007c0000000)
  eden space 168960K, 0% used [0x0000000780780000,0x0000000780780000,0x000000078ac80000)
  from space 27648K, 84% used [0x000000078ca00000,0x000000078e0ef2b0,0x000000078e500000)
  to   space 30208K, 0% used [0x000000078ac80000,0x000000078ac80000,0x000000078ca00000)
 ParOldGen       total 86528K, used 31806K [0x0000000701600000, 0x0000000706a80000, 0x0000000780780000)
  object space 86528K, 36% used [0x0000000701600000,0x000000070350f8e8,0x0000000706a80000)
 Metaspace       used 27792K, capacity 28504K, committed 28672K, reserved 1075200K
  class space    used 3281K, capacity 3530K, committed 3584K, reserved 1048576K
}
Event: 8.020 GC heap before
{Heap before GC invocations=12 (full 1):
 PSYoungGen      total 196608K, used 192444K [0x0000000780780000, 0x000000078ec80000, 0x00000007c0000000)
  eden space 168960K, 100% used [0x0000000780780000,0x000000078ac80000,0x000000078ac80000)
  from space 27648K, 84% used [0x000000078ca00000,0x000000078e0ef2b0,0x000000078e500000)
  to   space 30208K, 0% used [0x000000078ac80000,0x000000078ac80000,0x000000078ca00000)
 ParOldGen       total 86528K, used 31806K [0x0000000701600000, 0x0000000706a80000, 0x0000000780780000)
  object space 86528K, 36% used [0x0000000701600000,0x000000070350f8e8,0x0000000706a80000)
 Metaspace       used 27794K, capacity 28504K, committed 28672K, reserved 1075200K
  class space    used 3281K, capacity 3530K, committed 3584K, reserved 1048576K
Event: 8.057 GC heap after
Heap after GC invocations=12 (full 1):
 PSYoungGen      total 199168K, used 29376K [0x0000000780780000, 0x0000000794200000, 0x00000007c0000000)
  eden space 168960K, 0% used [0x0000000780780000,0x0000000780780000,0x000000078ac80000)
  from space 30208K, 97% used [0x000000078ac80000,0x000000078c930190,0x000000078ca00000)
  to   space 34304K, 0% used [0x0000000792080000,0x0000000792080000,0x0000000794200000)
 ParOldGen       total 86528K, used 34867K [0x0000000701600000, 0x0000000706a80000, 0x0000000780780000)
  object space 86528K, 40% used [0x0000000701600000,0x000000070380cc58,0x0000000706a80000)
 Metaspace       used 27794K, capacity 28504K, committed 28672K, reserved 1075200K
  class space    used 3281K, capacity 3530K, committed 3584K, reserved 1048576K
}

