# JRE version: Java(TM) SE Runtime Environment (8.0_121-b13) (build 1.8.0_121-b13)
# Java VM: Java HotSpot(TM) 64-Bit Server VM (25.121-b13 mixed mode windows-amd64 compressed oops)
Heap:
 PSYoungGen      total 291328K, used 254562K [0x0000000780780000, 0x0000000795700000, 0x00000007c0000000)
  eden space 258560K, 86% used [0x0000000780780000,0x000000078e268bf0,0x0000000790400000)
  from space 32768K, 92% used [0x0000000792800000,0x00000007945aff38,0x0000000794800000)
  to   space 36864K, 0% used [0x0000000790400000,0x0000000790400000,0x0000000792800000)
 ParOldGen       total 95744K, used 38504K [0x0000000701600000, 0x0000000707380000, 0x0000000780780000)
  object space 95744K, 40% used [0x0000000701600000,0x0000000703b9a380,0x0000000707380000)
 Metaspace       used 32269K, capacity 33012K, committed 33152K, reserved 1079296K
  class space    used 3874K, capacity 4116K, committed 4224K, reserved 1048576K
GC Heap History (10 events):
Event: 6.081 GC heap before
{Heap before GC invocations=5 (full 1):
 PSYoungGen      total 106496K, used 98304K [0x0000000780780000, 0x0000000787780000, 0x00000007c0000000)
  eden space 98304K, 100% used [0x0000000780780000,0x0000000786780000,0x0000000786780000)
  from space 8192K, 0% used [0x0000000786780000,0x0000000786780000,0x0000000786f80000)
  to   space 8192K, 0% used [0x0000000786f80000,0x0000000786f80000,0x0000000787780000)
 ParOldGen       total 95744K, used 12736K [0x0000000701600000, 0x0000000707380000, 0x0000000780780000)
  object space 95744K, 13% used [0x0000000701600000,0x00000007022703a0,0x0000000707380000)
 Metaspace       used 27136K, capacity 27832K, committed 28160K, reserved 1073152K
  class space    used 3214K, capacity 3460K, committed 3584K, reserved 1048576K
Event: 6.091 GC heap after
Heap after GC invocations=5 (full 1):
 PSYoungGen      total 106496K, used 8165K [0x0000000780780000, 0x0000000789f80000, 0x00000007c0000000)
  eden space 98304K, 0% used [0x0000000780780000,0x0000000780780000,0x0000000786780000)
  from space 8192K, 99% used [0x0000000786f80000,0x0000000787779558,0x0000000787780000)
  to   space 8192K, 0% used [0x0000000786780000,0x0000000786780000,0x0000000786f80000)
 ParOldGen       total 95744K, used 13813K [0x0000000701600000, 0x0000000707380000, 0x0000000780780000)
  object space 95744K, 14% used [0x0000000701600000,0x000000070237d478,0x0000000707380000)
 Metaspace       used 27136K, capacity 27832K, committed 28160K, reserved 1073152K
  class space    used 3214K, capacity 3460K, committed 3584K, reserved 1048576K
}
Event: 6.716 GC heap before
{Heap before GC invocations=6 (full 1):
 PSYoungGen      total 106496K, used 106469K [0x0000000780780000, 0x0000000789f80000, 0x00000007c0000000)
  eden space 98304K, 100% used [0x0000000780780000,0x0000000786780000,0x0000000786780000)
  from space 8192K, 99% used [0x0000000786f80000,0x0000000787779558,0x0000000787780000)
  to   space 8192K, 0% used [0x0000000786780000,0x0000000786780000,0x0000000786f80000)
 ParOldGen       total 95744K, used 13813K [0x0000000701600000, 0x0000000707380000, 0x0000000780780000)
  object space 95744K, 14% used [0x0000000701600000,0x000000070237d478,0x0000000707380000)
 Metaspace       used 27704K, capacity 28328K, committed 28672K, reserved 1075200K
  class space    used 3277K, capacity 3495K, committed 3584K, reserved 1048576K
Event: 6.739 GC heap after
Heap after GC invocations=6 (full 1):
 PSYoungGen      total 106496K, used 8179K [0x0000000780780000, 0x000000078c600000, 0x00000007c0000000)
  eden space 98304K, 0% used [0x0000000780780000,0x0000000780780000,0x0000000786780000)
  from space 8192K, 99% used [0x0000000786780000,0x0000000786f7cd48,0x0000000786f80000)
  to   space 20992K, 0% used [0x000000078b180000,0x000000078b180000,0x000000078c600000)
 ParOldGen       total 95744K, used 26896K [0x0000000701600000, 0x0000000707380000, 0x0000000780780000)
  object space 95744K, 28% used [0x0000000701600000,0x0000000703044090,0x0000000707380000)
 Metaspace       used 27704K, capacity 28328K, committed 28672K, reserved 1075200K
  class space    used 3277K, capacity 3495K, committed 3584K, reserved 1048576K
}
Event: 7.121 GC heap before
{Heap before GC invocations=7 (full 1):
 PSYoungGen      total 106496K, used 106483K [0x0000000780780000, 0x000000078c600000, 0x00000007c0000000)
  eden space 98304K, 100% used [0x0000000780780000,0x0000000786780000,0x0000000786780000)
  from space 8192K, 99% used [0x0000000786780000,0x0000000786f7cd48,0x0000000786f80000)
  to   space 20992K, 0% used [0x000000078b180000,0x000000078b180000,0x000000078c600000)
 ParOldGen       total 95744K, used 26896K [0x0000000701600000, 0x0000000707380000, 0x0000000780780000)
  object space 95744K, 28% used [0x0000000701600000,0x0000000703044090,0x0000000707380000)
 Metaspace       used 27706K, capacity 28328K, committed 28672K, reserved 1075200K
  class space    used 3277K, capacity 3495K, committed 3584K, reserved 1048576K
Event: 7.150 GC heap after
Heap after GC invocations=7 (full 1):
 PSYoungGen      total 169984K, used 20975K [0x0000000780780000, 0x000000078dc00000, 0x00000007c0000000)
  eden space 148992K, 0% used [0x0000000780780000,0x0000000780780000,0x0000000789900000)
  from space 20992K, 99% used [0x000000078b180000,0x000000078c5fbe18,0x000000078c600000)
  to   space 25088K, 0% used [0x0000000789900000,0x0000000789900000,0x000000078b180000)
 ParOldGen       total 95744K, used 27597K [0x0000000701600000, 0x0000000707380000, 0x0000000780780000)
  object space 95744K, 28% used [0x0000000701600000,0x00000007030f36a8,0x0000000707380000)
 Metaspace       used 27706K, capacity 28328K, committed 28672K, reserved 1075200K
  class space    used 3277K, capacity 3495K, committed 3584K, reserved 1048576K
}
Event: 7.887 GC heap before
{Heap before GC invocations=8 (full 1):
 PSYoungGen      total 169984K, used 169967K [0x0000000780780000, 0x000000078dc00000, 0x00000007c0000000)
  eden space 148992K, 100% used [0x0000000780780000,0x0000000789900000,0x0000000789900000)
  from space 20992K, 99% used [0x000000078b180000,0x000000078c5fbe18,0x000000078c600000)
  to   space 25088K, 0% used [0x0000000789900000,0x0000000789900000,0x000000078b180000)
 ParOldGen       total 95744K, used 27597K [0x0000000701600000, 0x0000000707380000, 0x0000000780780000)
  object space 95744K, 28% used [0x0000000701600000,0x00000007030f36a8,0x0000000707380000)
 Metaspace       used 27708K, capacity 28328K, committed 28672K, reserved 1075200K
  class space    used 3277K, capacity 3495K, committed 3584K, reserved 1048576K
Event: 7.943 GC heap after
Heap after GC invocations=8 (full 1):
 PSYoungGen      total 174080K, used 25083K [0x0000000780780000, 0x0000000794800000, 0x00000007c0000000)
  eden space 148992K, 0% used [0x0000000780780000,0x0000000780780000,0x0000000789900000)
  from space 25088K, 99% used [0x0000000789900000,0x000000078b17efa8,0x000000078b180000)
  to   space 32768K, 0% used [0x0000000792800000,0x0000000792800000,0x0000000794800000)
 ParOldGen       total 95744K, used 34700K [0x0000000701600000, 0x0000000707380000, 0x0000000780780000)
  object space 95744K, 36% used [0x0000000701600000,0x00000007037e3030,0x0000000707380000)
 Metaspace       used 27708K, capacity 28328K, committed 28672K, reserved 1075200K
  class space    used 3277K, capacity 3495K, committed 3584K, reserved 1048576K
}
Event: 8.722 GC heap before
{Heap before GC invocations=9 (full 1):
 PSYoungGen      total 174080K, used 174075K [0x0000000780780000, 0x0000000794800000, 0x00000007c0000000)
  eden space 148992K, 100% used [0x0000000780780000,0x0000000789900000,0x0000000789900000)
  from space 25088K, 99% used [0x0000000789900000,0x000000078b17efa8,0x000000078b180000)
  to   space 32768K, 0% used [0x0000000792800000,0x0000000792800000,0x0000000794800000)
 ParOldGen       total 95744K, used 34700K [0x0000000701600000, 0x0000000707380000, 0x0000000780780000)
  object space 95744K, 36% used [0x0000000701600000,0x00000007037e3030,0x0000000707380000)
 Metaspace       used 27723K, capacity 28338K, committed 28672K, reserved 1075200K
  class space    used 3279K, capacity 3497K, committed 3584K, reserved 1048576K
Event: 8.801 GC heap after
Heap after GC invocations=9 (full 1):
 PSYoungGen      total 291328K, used 30399K [0x0000000780780000, 0x0000000795700000, 0x00000007c0000000)
  eden space 258560K, 0% used [0x0000000780780000,0x0000000780780000,0x0000000790400000)
  from space 32768K, 92% used [0x0000000792800000,0x00000007945aff38,0x0000000794800000)
  to   space 36864K, 0% used [0x0000000790400000,0x0000000790400000,0x0000000792800000)
 ParOldGen       total 95744K, used 38504K [0x0000000701600000, 0x0000000707380000, 0x0000000780780000)
  object space 95744K, 40% used [0x0000000701600000,0x0000000703b9a380,0x0000000707380000)
 Metaspace       used 27723K, capacity 28338K, committed 28672K, reserved 1075200K
  class space    used 3279K, capacity 3497K, committed 3584K, reserved 1048576K
}

